2024-11-29 08:59:55.091 - DBeaver 24.2.4.202411031831 is starting
2024-11-29 08:59:55.091 - OS: Windows 10 10.0 (amd64)
2024-11-29 08:59:55.091 - Java version: 17.0.6 by Eclipse Adoptium (64bit)
2024-11-29 08:59:55.092 - Install path: 'C:\Program Files\DBeaver'
2024-11-29 08:59:55.092 - Instance path: 'file:/D:/KHacademy/workspace/2_DB/'
2024-11-29 08:59:55.093 - Memory available 64Mb/1024Mb
2024-11-29 08:59:55.105 - Create display
2024-11-29 08:59:55.231 - Starting instance server at http://localhost:63399
2024-11-29 08:59:55.246 - Run workbench
> Start Eclipse e4 Workbench SWT [org.eclipse.e4.ui.workbench.swt 0.17.500.v20240807-0911]
> Start Eclipse Application Services [org.eclipse.e4.core.services 2.4.400.v20240413-1529]
> Start Eclipse UI Application Services [org.eclipse.e4.ui.services 1.6.300.v20231201-1637]
> Start Eclipse e4 Progress View [org.eclipse.e4.ui.progress 0.4.600.v20240606-1020]
> Start Eclipse Bindings Support [org.eclipse.e4.ui.bindings 0.14.400.v20240321-1245]
> Start Eclipse e4 core commands [org.eclipse.e4.core.commands 1.1.400.v20240424-0444]
> Start EMF XML/XMI Persistence [org.eclipse.emf.ecore.xmi 2.38.0.v20240721-0634]
> Start Eclipse CSS SWT Theme Support [org.eclipse.e4.ui.css.swt.theme 0.14.400.v20240424-0956]
> Start Eclipse e4 Workbench Add-ons [org.eclipse.e4.ui.workbench.addons.swt 1.5.500.v20240620-1945]
> Start Eclipse e4 Workbench SWT Renderer [org.eclipse.e4.ui.workbench.renderers.swt 0.16.500.v20240727-1037]
> Start Eclipse Dependency Injection Extensions [org.eclipse.e4.core.di.extensions 0.18.300.v20240413-1529]
> Start Eclipse CSS SWT Support [org.eclipse.e4.ui.css.swt 0.15.400.v20240321-1245]
> Start Default Text Editor [org.eclipse.ui.editors 3.18.0.v20240807-0735]
> Start Text Editor Framework [org.eclipse.ui.workbench.texteditor 3.18.0.v20240819-1419]
2024-11-29 09:00:03.083 - Configure workbench window
> Start DBeaver SQL Model [org.jkiss.dbeaver.model.sql 1.0.132.202411031831]
2024-11-29 09:00:03.227 - Total database drivers: 120 (120)
> Start Help System Core [org.eclipse.help 3.10.400.v20240415-0528]
2024-11-29 09:00:03.309 - Create actions
2024-11-29 09:00:03.314 - Disable Eclipse action set 'org.eclipse.ui.edit.text.actionSet.annotationNavigation'
2024-11-29 09:00:03.315 - Disable Eclipse action set 'org.eclipse.ui.WorkingSetActionSet'
2024-11-29 09:00:03.315 - Disable Eclipse action set 'org.eclipse.ui.actionSet.openFiles'
2024-11-29 09:00:03.315 - Create workbench actions
2024-11-29 09:00:03.644 - Initialize workbench window
2024-11-29 09:00:03.649 - Finish initialization
> Start DBeaver UI Editors - Data [org.jkiss.dbeaver.ui.editors.data 1.0.142.202411031831]
Warning: NLS unused message: actions_navigator__objects in: org.jkiss.dbeaver.ui.editors.sql.internal.SQLEditorMessages
> Start DBeaver UI Editors - SQL [org.jkiss.dbeaver.ui.editors.sql 1.0.142.202411031831]
> Start DBeaver SQL Terminal [org.jkiss.dbeaver.ui.editors.sql.terminal 1.0.118.202411031831]
> Start Core Compare Support [org.eclipse.compare.core 3.8.500.v20240524-2010]
> Start Search Support [org.eclipse.search 3.16.300.v20240620-1945]
> Start Internet Connection Management UI [org.eclipse.ui.net 1.5.400.v20240413-1529]
> Start Internet Connection Management [org.eclipse.core.net 1.5.500.v20240625-1706]
> Start DBeaver Sample Database [org.jkiss.dbeaver.ext.sample.database 1.0.179.202411031831]
> Start DBeaver Tip of the day [org.jkiss.dbeaver.ext.ui.tipoftheday 1.0.148.202411031831]
> Start GEF Classic Draw2d [org.eclipse.draw2d 3.17.0.202409021815]
> Start GEF Classic GEF (MVC) [org.eclipse.gef 3.19.0.202409021815]
> Start DBeaver ERD UI [org.jkiss.dbeaver.erd.ui 3.0.102.202411031831]
> Start DBeaver ERD Model [org.jkiss.dbeaver.erd.model 1.0.102.202411031831]
> Start DBeaver Dashboard UI [org.jkiss.dbeaver.ui.dashboard 1.0.139.202411031831]
> Start DBeaver JDBC Model [org.jkiss.dbeaver.model.jdbc 1.0.35.202411031831]
> Start DBeaver Oracle Model [org.jkiss.dbeaver.ext.oracle 2.1.227.202411031831]
> Start DBeaver UI Editors - Connections [org.jkiss.dbeaver.ui.editors.connection 1.0.133.202411031831]
> Start Console [org.eclipse.ui.console 3.14.100.v20240429-1358]
> Start Debug Core [org.eclipse.debug.core 3.21.500.v20240801-2219]
2024-11-29 09:00:06.424 - Connect with 'KH_CYJ 사용자 계정' (oracle_thin-1933df61afb-479409d37091b205)
2024-11-29 09:00:06.449 - Execution context opened (KH_CYJ 사용자 계정; Main; 0)
> Start DBeaver SQL Language Semantic Model [org.jkiss.dbeaver.model.lsm 1.0.37.202411031831]
2024-11-29 09:00:06.899 - Execution context opened (KH_CYJ 사용자 계정; Metadata; 1)
2024-11-29 09:00:07.018 - Connected (oracle_thin-1933df61afb-479409d37091b205, Oracle JDBC driver [21.5.0.0.0])
2024-11-29 09:00:07.023 - Execution context opened (KH_CYJ 사용자 계정; SQLEditor <Script-2.sql>; 2)
2024-11-29 09:00:07.078 - Error while analyzing query text: SELECT EMP_ID , EMP_NAME , DEPT_TITLE , JOB_NAME 
FROM EMPLOYEE 
LEFT JOIN DEPARTMENT ON (DEPT_CODE = DEPT_ID)
JOIN JOB USING (JOB_CODE)
WHERE DEPT_TITLE = '총무부'
ORDER BY JOB_CODE
java.lang.IllegalStateException: Symbol already classified
	at org.jkiss.dbeaver.model.sql.semantics.SQLQuerySymbol.setSymbolClass(SQLQuerySymbol.java:53)
	at org.jkiss.dbeaver.model.sql.semantics.SQLQuerySymbol.setDefinition(SQLQuerySymbol.java:78)
	at org.jkiss.dbeaver.model.sql.semantics.model.select.SQLQueryRowsNaturalJoinModel.propagateContextImpl(SQLQueryRowsNaturalJoinModel.java:100)
	at org.jkiss.dbeaver.model.sql.semantics.model.select.SQLQueryRowsSourceModel.propagateContext(SQLQueryRowsSourceModel.java:81)
	at org.jkiss.dbeaver.model.sql.semantics.model.select.SQLQueryRowsProjectionModel.propagateContextImpl(SQLQueryRowsProjectionModel.java:151)
	at org.jkiss.dbeaver.model.sql.semantics.model.select.SQLQueryRowsSourceModel.propagateContext(SQLQueryRowsSourceModel.java:81)
	at org.jkiss.dbeaver.model.sql.semantics.model.select.SQLQueryRowsSourceModel.applyContext(SQLQueryRowsSourceModel.java:69)
	at org.jkiss.dbeaver.model.sql.semantics.model.SQLQueryModel.propagateContext(SQLQueryModel.java:80)
	at org.jkiss.dbeaver.model.sql.semantics.SQLQueryModelRecognizer.recognizeQuery(SQLQueryModelRecognizer.java:156)
	at org.jkiss.dbeaver.model.sql.semantics.SQLQueryModelRecognizer.recognizeQuery(SQLQueryModelRecognizer.java:934)
	at org.jkiss.dbeaver.ui.editors.sql.semantics.SQLBackgroundParsingJob.doWork(SQLBackgroundParsingJob.java:641)
	at org.jkiss.dbeaver.ui.editors.sql.semantics.SQLBackgroundParsingJob$1.run(SQLBackgroundParsingJob.java:97)
	at org.jkiss.dbeaver.model.runtime.AbstractJob.run(AbstractJob.java:117)
	at org.eclipse.core.internal.jobs.Worker.run(Worker.java:63)
2024-11-29 09:00:08.063 - Open [https://dbeaver.io/product/version.xml]
2024-11-29 09:00:08.082 - Error while analyzing query text: SELECT EMP_ID , EMP_NAME , DEPT_TITLE , JOB_NAME 
FROM EMPLOYEE 
LEFT JOIN DEPARTMENT ON (DEPT_CODE = DEPT_ID)
JOIN JOB USING (JOB_CODE)
WHERE DEPT_TITLE = '총무부'
ORDER BY JOB_CODE
java.lang.IllegalStateException: Symbol already classified
	at org.jkiss.dbeaver.model.sql.semantics.SQLQuerySymbol.setSymbolClass(SQLQuerySymbol.java:53)
	at org.jkiss.dbeaver.model.sql.semantics.SQLQuerySymbol.setDefinition(SQLQuerySymbol.java:78)
	at org.jkiss.dbeaver.model.sql.semantics.model.select.SQLQueryRowsNaturalJoinModel.propagateContextImpl(SQLQueryRowsNaturalJoinModel.java:100)
	at org.jkiss.dbeaver.model.sql.semantics.model.select.SQLQueryRowsSourceModel.propagateContext(SQLQueryRowsSourceModel.java:81)
	at org.jkiss.dbeaver.model.sql.semantics.model.select.SQLQueryRowsProjectionModel.propagateContextImpl(SQLQueryRowsProjectionModel.java:151)
	at org.jkiss.dbeaver.model.sql.semantics.model.select.SQLQueryRowsSourceModel.propagateContext(SQLQueryRowsSourceModel.java:81)
	at org.jkiss.dbeaver.model.sql.semantics.model.select.SQLQueryRowsSourceModel.applyContext(SQLQueryRowsSourceModel.java:69)
	at org.jkiss.dbeaver.model.sql.semantics.model.SQLQueryModel.propagateContext(SQLQueryModel.java:80)
	at org.jkiss.dbeaver.model.sql.semantics.SQLQueryModelRecognizer.recognizeQuery(SQLQueryModelRecognizer.java:156)
	at org.jkiss.dbeaver.model.sql.semantics.SQLQueryModelRecognizer.recognizeQuery(SQLQueryModelRecognizer.java:934)
	at org.jkiss.dbeaver.ui.editors.sql.semantics.SQLBackgroundParsingJob.doWork(SQLBackgroundParsingJob.java:641)
	at org.jkiss.dbeaver.ui.editors.sql.semantics.SQLBackgroundParsingJob$1.run(SQLBackgroundParsingJob.java:97)
	at org.jkiss.dbeaver.model.runtime.AbstractJob.run(AbstractJob.java:117)
	at org.eclipse.core.internal.jobs.Worker.run(Worker.java:63)
> Start DBeaver Data Transfer [org.jkiss.dbeaver.data.transfer 2.0.126.202411031831]
2024-11-29 09:05:29.083 - SQL Error [900] [42000]: ORA-00900: SQL 문이 부적합합니다

org.jkiss.dbeaver.model.sql.DBSQLException: SQL Error [900] [42000]: ORA-00900: SQL 문이 부적합합니다

	at org.jkiss.dbeaver.model.impl.jdbc.exec.JDBCStatementImpl.executeStatement(JDBCStatementImpl.java:130)
	at org.jkiss.dbeaver.ui.editors.sql.execute.SQLQueryJob.executeStatement(SQLQueryJob.java:631)
	at org.jkiss.dbeaver.ui.editors.sql.execute.SQLQueryJob.lambda$2(SQLQueryJob.java:522)
	at org.jkiss.dbeaver.model.exec.DBExecUtils.tryExecuteRecover(DBExecUtils.java:192)
	at org.jkiss.dbeaver.ui.editors.sql.execute.SQLQueryJob.executeSingleQuery(SQLQueryJob.java:541)
	at org.jkiss.dbeaver.ui.editors.sql.execute.SQLQueryJob.extractData(SQLQueryJob.java:1001)
	at org.jkiss.dbeaver.ui.editors.sql.SQLEditor$QueryResultsContainer.readData(SQLEditor.java:4237)
	at org.jkiss.dbeaver.ui.controls.resultset.ResultSetJobDataRead.lambda$0(ResultSetJobDataRead.java:128)
	at org.jkiss.dbeaver.model.exec.DBExecUtils.tryExecuteRecover(DBExecUtils.java:192)
	at org.jkiss.dbeaver.ui.controls.resultset.ResultSetJobDataRead.run(ResultSetJobDataRead.java:126)
	at org.jkiss.dbeaver.ui.controls.resultset.ResultSetViewer$ResultSetDataPumpJob.run(ResultSetViewer.java:5166)
	at org.jkiss.dbeaver.model.runtime.AbstractJob.run(AbstractJob.java:117)
	at org.eclipse.core.internal.jobs.Worker.run(Worker.java:63)
Caused by: java.sql.SQLSyntaxErrorException: ORA-00900: SQL 문이 부적합합니다

	at oracle.jdbc.driver.T4CTTIoer11.processError(T4CTTIoer11.java:630)
	at oracle.jdbc.driver.T4CTTIoer11.processError(T4CTTIoer11.java:564)
	at oracle.jdbc.driver.T4C8Oall.processError(T4C8Oall.java:1231)
	at oracle.jdbc.driver.T4CTTIfun.receive(T4CTTIfun.java:772)
	at oracle.jdbc.driver.T4CTTIfun.doRPC(T4CTTIfun.java:299)
	at oracle.jdbc.driver.T4C8Oall.doOALL(T4C8Oall.java:512)
	at oracle.jdbc.driver.T4CStatement.doOall8(T4CStatement.java:123)
	at oracle.jdbc.driver.T4CStatement.executeForRows(T4CStatement.java:1200)
	at oracle.jdbc.driver.OracleStatement.executeSQLStatement(OracleStatement.java:1820)
	at oracle.jdbc.driver.OracleStatement.doExecuteWithTimeout(OracleStatement.java:1472)
	at oracle.jdbc.driver.OracleStatement.executeInternal(OracleStatement.java:2505)
	at oracle.jdbc.driver.OracleStatement.execute(OracleStatement.java:2460)
	at oracle.jdbc.driver.OracleStatementWrapper.execute(OracleStatementWrapper.java:328)
	at org.jkiss.dbeaver.model.impl.jdbc.exec.JDBCStatementImpl.execute(JDBCStatementImpl.java:335)
	at org.jkiss.dbeaver.model.impl.jdbc.exec.JDBCStatementImpl.executeStatement(JDBCStatementImpl.java:128)
	... 12 more
Caused by: Error : 900, Position : 0, Sql = empId, OriginalSql = empId, Error Msg = ORA-00900: SQL 문이 부적합합니다

	at oracle.jdbc.driver.T4CTTIoer11.processError(T4CTTIoer11.java:637)
	... 26 more
2024-11-29 09:31:07.025 - SQL Error [947] [42000]: ORA-00947: 값의 수가 충분하지 않습니다


Error position: line: 42 pos: 12
org.jkiss.dbeaver.model.sql.DBSQLException: SQL Error [947] [42000]: ORA-00947: 값의 수가 충분하지 않습니다

	at org.jkiss.dbeaver.model.impl.jdbc.exec.JDBCStatementImpl.executeStatement(JDBCStatementImpl.java:130)
	at org.jkiss.dbeaver.ui.editors.sql.execute.SQLQueryJob.executeStatement(SQLQueryJob.java:631)
	at org.jkiss.dbeaver.ui.editors.sql.execute.SQLQueryJob.lambda$2(SQLQueryJob.java:522)
	at org.jkiss.dbeaver.ui.editors.sql.execute.SQLQueryJob.executeSingleQuery(SQLQueryJob.java:544)
	at org.jkiss.dbeaver.ui.editors.sql.execute.SQLQueryJob.extractData(SQLQueryJob.java:1001)
	at org.jkiss.dbeaver.ui.editors.sql.SQLEditor$QueryResultsContainer.readData(SQLEditor.java:4237)
	at org.jkiss.dbeaver.ui.controls.resultset.ResultSetJobDataRead.lambda$0(ResultSetJobDataRead.java:128)
	at org.jkiss.dbeaver.model.exec.DBExecUtils.tryExecuteRecover(DBExecUtils.java:192)
	at org.jkiss.dbeaver.ui.controls.resultset.ResultSetJobDataRead.run(ResultSetJobDataRead.java:126)
	at org.jkiss.dbeaver.ui.controls.resultset.ResultSetViewer$ResultSetDataPumpJob.run(ResultSetViewer.java:5166)
	at org.jkiss.dbeaver.model.runtime.AbstractJob.run(AbstractJob.java:117)
	at org.eclipse.core.internal.jobs.Worker.run(Worker.java:63)
Caused by: java.sql.SQLSyntaxErrorException: ORA-00947: 값의 수가 충분하지 않습니다

	at oracle.jdbc.driver.T4CTTIoer11.processError(T4CTTIoer11.java:630)
	at oracle.jdbc.driver.T4CTTIoer11.processError(T4CTTIoer11.java:564)
	at oracle.jdbc.driver.T4C8Oall.processError(T4C8Oall.java:1231)
	at oracle.jdbc.driver.T4CTTIfun.receive(T4CTTIfun.java:772)
	at oracle.jdbc.driver.T4CTTIfun.doRPC(T4CTTIfun.java:299)
	at oracle.jdbc.driver.T4C8Oall.doOALL(T4C8Oall.java:512)
	at oracle.jdbc.driver.T4CStatement.doOall8(T4CStatement.java:123)
	at oracle.jdbc.driver.T4CStatement.executeForRows(T4CStatement.java:1200)
	at oracle.jdbc.driver.OracleStatement.executeSQLStatement(OracleStatement.java:1820)
	at oracle.jdbc.driver.OracleStatement.doExecuteWithTimeout(OracleStatement.java:1472)
	at oracle.jdbc.driver.OracleStatement.executeInternal(OracleStatement.java:2505)
	at oracle.jdbc.driver.OracleStatement.execute(OracleStatement.java:2460)
	at oracle.jdbc.driver.OracleStatementWrapper.execute(OracleStatementWrapper.java:328)
	at org.jkiss.dbeaver.model.impl.jdbc.exec.JDBCStatementImpl.execute(JDBCStatementImpl.java:335)
	at org.jkiss.dbeaver.model.impl.jdbc.exec.JDBCStatementImpl.executeStatement(JDBCStatementImpl.java:128)
	... 11 more
Caused by: Error : 947, Position : 12, Sql = INSERT INTO EMPLOYEE2
VALUES(300, '홍길동', '881126-1234567', 'hong_gd@kh.or.kr', '01012341234',
		'D1', 'J4', 5000000, 0.3, 200, NULL, 'N'), OriginalSql = INSERT INTO EMPLOYEE2
VALUES(300, '홍길동', '881126-1234567', 'hong_gd@kh.or.kr', '01012341234',
		'D1', 'J4', 5000000, 0.3, 200, NULL, 'N'), Error Msg = ORA-00947: 값의 수가 충분하지 않습니다

	at oracle.jdbc.driver.T4CTTIoer11.processError(T4CTTIoer11.java:637)
	... 25 more
2024-11-29 09:31:19.166 - SQL Error [917] [42000]: ORA-00917: 누락된 콤마

org.jkiss.dbeaver.model.sql.DBSQLException: SQL Error [917] [42000]: ORA-00917: 누락된 콤마

	at org.jkiss.dbeaver.model.impl.jdbc.exec.JDBCStatementImpl.executeStatement(JDBCStatementImpl.java:130)
	at org.jkiss.dbeaver.ui.editors.sql.execute.SQLQueryJob.executeStatement(SQLQueryJob.java:631)
	at org.jkiss.dbeaver.ui.editors.sql.execute.SQLQueryJob.lambda$2(SQLQueryJob.java:522)
	at org.jkiss.dbeaver.model.exec.DBExecUtils.tryExecuteRecover(DBExecUtils.java:192)
	at org.jkiss.dbeaver.ui.editors.sql.execute.SQLQueryJob.executeSingleQuery(SQLQueryJob.java:541)
	at org.jkiss.dbeaver.ui.editors.sql.execute.SQLQueryJob.extractData(SQLQueryJob.java:1001)
	at org.jkiss.dbeaver.ui.editors.sql.SQLEditor$QueryResultsContainer.readData(SQLEditor.java:4237)
	at org.jkiss.dbeaver.ui.controls.resultset.ResultSetJobDataRead.lambda$0(ResultSetJobDataRead.java:128)
	at org.jkiss.dbeaver.model.exec.DBExecUtils.tryExecuteRecover(DBExecUtils.java:192)
	at org.jkiss.dbeaver.ui.controls.resultset.ResultSetJobDataRead.run(ResultSetJobDataRead.java:126)
	at org.jkiss.dbeaver.ui.controls.resultset.ResultSetViewer$ResultSetDataPumpJob.run(ResultSetViewer.java:5166)
	at org.jkiss.dbeaver.model.runtime.AbstractJob.run(AbstractJob.java:117)
	at org.eclipse.core.internal.jobs.Worker.run(Worker.java:63)
Caused by: java.sql.SQLSyntaxErrorException: ORA-00917: 누락된 콤마

	at oracle.jdbc.driver.T4CTTIoer11.processError(T4CTTIoer11.java:630)
	at oracle.jdbc.driver.T4CTTIoer11.processError(T4CTTIoer11.java:564)
	at oracle.jdbc.driver.T4C8Oall.processError(T4C8Oall.java:1231)
	at oracle.jdbc.driver.T4CTTIfun.receive(T4CTTIfun.java:772)
	at oracle.jdbc.driver.T4CTTIfun.doRPC(T4CTTIfun.java:299)
	at oracle.jdbc.driver.T4C8Oall.doOALL(T4C8Oall.java:512)
	at oracle.jdbc.driver.T4CStatement.doOall8(T4CStatement.java:123)
	at oracle.jdbc.driver.T4CStatement.executeForRows(T4CStatement.java:1200)
	at oracle.jdbc.driver.OracleStatement.executeSQLStatement(OracleStatement.java:1820)
	at oracle.jdbc.driver.OracleStatement.doExecuteWithTimeout(OracleStatement.java:1472)
	at oracle.jdbc.driver.OracleStatement.executeInternal(OracleStatement.java:2505)
	at oracle.jdbc.driver.OracleStatement.execute(OracleStatement.java:2460)
	at oracle.jdbc.driver.OracleStatementWrapper.execute(OracleStatementWrapper.java:328)
	at org.jkiss.dbeaver.model.impl.jdbc.exec.JDBCStatementImpl.execute(JDBCStatementImpl.java:335)
	at org.jkiss.dbeaver.model.impl.jdbc.exec.JDBCStatementImpl.executeStatement(JDBCStatementImpl.java:128)
	... 12 more
Caused by: Error : 917, Position : 121, Sql = INSERT INTO EMPLOYEE2
VALUES(300, '홍길동', '881126-1234567', 'hong_gd@kh.or.kr', '01012341234',
		'D1', 'J4', 'S1' 5000000, 0.3, 200, NULL, 'N'), OriginalSql = INSERT INTO EMPLOYEE2
VALUES(300, '홍길동', '881126-1234567', 'hong_gd@kh.or.kr', '01012341234',
		'D1', 'J4', 'S1' 5000000, 0.3, 200, NULL, 'N'), Error Msg = ORA-00917: 누락된 콤마

	at oracle.jdbc.driver.T4CTTIoer11.processError(T4CTTIoer11.java:637)
	... 26 more
2024-11-29 09:31:20.255 - SQL Error [947] [42000]: ORA-00947: 값의 수가 충분하지 않습니다


Error position: line: 42 pos: 12
org.jkiss.dbeaver.model.sql.DBSQLException: SQL Error [947] [42000]: ORA-00947: 값의 수가 충분하지 않습니다

	at org.jkiss.dbeaver.model.impl.jdbc.exec.JDBCStatementImpl.executeStatement(JDBCStatementImpl.java:130)
	at org.jkiss.dbeaver.ui.editors.sql.execute.SQLQueryJob.executeStatement(SQLQueryJob.java:631)
	at org.jkiss.dbeaver.ui.editors.sql.execute.SQLQueryJob.lambda$2(SQLQueryJob.java:522)
	at org.jkiss.dbeaver.ui.editors.sql.execute.SQLQueryJob.executeSingleQuery(SQLQueryJob.java:544)
	at org.jkiss.dbeaver.ui.editors.sql.execute.SQLQueryJob.extractData(SQLQueryJob.java:1001)
	at org.jkiss.dbeaver.ui.editors.sql.SQLEditor$QueryResultsContainer.readData(SQLEditor.java:4237)
	at org.jkiss.dbeaver.ui.controls.resultset.ResultSetJobDataRead.lambda$0(ResultSetJobDataRead.java:128)
	at org.jkiss.dbeaver.model.exec.DBExecUtils.tryExecuteRecover(DBExecUtils.java:192)
	at org.jkiss.dbeaver.ui.controls.resultset.ResultSetJobDataRead.run(ResultSetJobDataRead.java:126)
	at org.jkiss.dbeaver.ui.controls.resultset.ResultSetViewer$ResultSetDataPumpJob.run(ResultSetViewer.java:5166)
	at org.jkiss.dbeaver.model.runtime.AbstractJob.run(AbstractJob.java:117)
	at org.eclipse.core.internal.jobs.Worker.run(Worker.java:63)
Caused by: java.sql.SQLSyntaxErrorException: ORA-00947: 값의 수가 충분하지 않습니다

	at oracle.jdbc.driver.T4CTTIoer11.processError(T4CTTIoer11.java:630)
	at oracle.jdbc.driver.T4CTTIoer11.processError(T4CTTIoer11.java:564)
	at oracle.jdbc.driver.T4C8Oall.processError(T4C8Oall.java:1231)
	at oracle.jdbc.driver.T4CTTIfun.receive(T4CTTIfun.java:772)
	at oracle.jdbc.driver.T4CTTIfun.doRPC(T4CTTIfun.java:299)
	at oracle.jdbc.driver.T4C8Oall.doOALL(T4C8Oall.java:512)
	at oracle.jdbc.driver.T4CStatement.doOall8(T4CStatement.java:123)
	at oracle.jdbc.driver.T4CStatement.executeForRows(T4CStatement.java:1200)
	at oracle.jdbc.driver.OracleStatement.executeSQLStatement(OracleStatement.java:1820)
	at oracle.jdbc.driver.OracleStatement.doExecuteWithTimeout(OracleStatement.java:1472)
	at oracle.jdbc.driver.OracleStatement.executeInternal(OracleStatement.java:2505)
	at oracle.jdbc.driver.OracleStatement.execute(OracleStatement.java:2460)
	at oracle.jdbc.driver.OracleStatementWrapper.execute(OracleStatementWrapper.java:328)
	at org.jkiss.dbeaver.model.impl.jdbc.exec.JDBCStatementImpl.execute(JDBCStatementImpl.java:335)
	at org.jkiss.dbeaver.model.impl.jdbc.exec.JDBCStatementImpl.executeStatement(JDBCStatementImpl.java:128)
	... 11 more
Caused by: Error : 947, Position : 12, Sql = INSERT INTO EMPLOYEE2
VALUES(300, '홍길동', '881126-1234567', 'hong_gd@kh.or.kr', '01012341234',
		'D1', 'J4', 'S1', 5000000, 0.3, 200, NULL, 'N'), OriginalSql = INSERT INTO EMPLOYEE2
VALUES(300, '홍길동', '881126-1234567', 'hong_gd@kh.or.kr', '01012341234',
		'D1', 'J4', 'S1', 5000000, 0.3, 200, NULL, 'N'), Error Msg = ORA-00947: 값의 수가 충분하지 않습니다

	at oracle.jdbc.driver.T4CTTIoer11.processError(T4CTTIoer11.java:637)
	... 25 more
> Start DBeaver Tasks - Native Tools UI [org.jkiss.dbeaver.tasks.native.ui 1.0.120.202411031831]
> Start DBeaver Oracle UI [org.jkiss.dbeaver.ext.oracle.ui 1.0.129.202411031831]
> Start DBeaver Tasks - General UI [org.jkiss.dbeaver.tasks.ui 1.0.120.202411031831]
2024-11-29 09:43:23.251 - Datasource oracle_thin-19348b50cf2-1540138c5bf99fbb not found in project General (/General/Scripts/Script.sql)
2024-11-29 09:43:35.988 - Execution context opened (KH_CYJ 사용자 계정; SQLEditor <06_DML(INSERT,UPDATE,DELETE).sql>; 3)
2024-11-29 09:43:37.443 - Datasource oracle_thin-19348b50cf2-1540138c5bf99fbb not found in project General (/General/Scripts/Script.sql)
2024-11-29 09:43:37.452 - Datasource oracle_thin-19348b50cf2-1540138c5bf99fbb not found in project General (/General/Scripts/Script.sql)
2024-11-29 09:43:39.777 - Datasource oracle_thin-19348b50cf2-1540138c5bf99fbb not found in project General (/General/Scripts/Script.sql)
2024-11-29 09:43:39.786 - Datasource oracle_thin-19348b50cf2-1540138c5bf99fbb not found in project General (/General/Scripts/Script.sql)
2024-11-29 09:43:45.693 - Can't get column 'PLUGGED_IN': 부적합한 열 이름
2024-11-29 09:43:52.822 - Datasource oracle_thin-19348b50cf2-1540138c5bf99fbb not found in project General (/General/Scripts/Script.sql)
2024-11-29 09:43:52.840 - Datasource oracle_thin-19348b50cf2-1540138c5bf99fbb not found in project General (/General/Scripts/Script.sql)
2024-11-29 09:43:52.852 - Datasource oracle_thin-19348b50cf2-1540138c5bf99fbb not found in project General (/General/Scripts/Script.sql)
2024-11-29 09:43:52.862 - Datasource oracle_thin-19348b50cf2-1540138c5bf99fbb not found in project General (/General/Scripts/Script.sql)
2024-11-29 09:43:55.152 - Datasource oracle_thin-19348b50cf2-1540138c5bf99fbb not found in project General (/General/Scripts/Script.sql)
2024-11-29 09:43:55.161 - Datasource oracle_thin-19348b50cf2-1540138c5bf99fbb not found in project General (/General/Scripts/Script.sql)
2024-11-29 09:43:55.169 - Datasource oracle_thin-19348b50cf2-1540138c5bf99fbb not found in project General (/General/Scripts/Script.sql)
2024-11-29 09:43:55.178 - Datasource oracle_thin-19348b50cf2-1540138c5bf99fbb not found in project General (/General/Scripts/Script.sql)
2024-11-29 09:43:56.063 - Datasource oracle_thin-19348b50cf2-1540138c5bf99fbb not found in project General (/General/Scripts/Script.sql)
2024-11-29 09:43:56.071 - Datasource oracle_thin-19348b50cf2-1540138c5bf99fbb not found in project General (/General/Scripts/Script.sql)
2024-11-29 09:43:59.807 - Datasource oracle_thin-19348b50cf2-1540138c5bf99fbb not found in project General (/General/Scripts/Script.sql)
2024-11-29 09:43:59.832 - Datasource oracle_thin-19348b50cf2-1540138c5bf99fbb not found in project General (/General/Scripts/Script.sql)
2024-11-29 09:43:59.840 - Datasource oracle_thin-19348b50cf2-1540138c5bf99fbb not found in project General (/General/Scripts/Script.sql)
2024-11-29 09:43:59.848 - Datasource oracle_thin-19348b50cf2-1540138c5bf99fbb not found in project General (/General/Scripts/Script.sql)
2024-11-29 09:44:01.528 - Datasource oracle_thin-19348b50cf2-1540138c5bf99fbb not found in project General (/General/Scripts/Script.sql)
2024-11-29 09:44:01.537 - Datasource oracle_thin-19348b50cf2-1540138c5bf99fbb not found in project General (/General/Scripts/Script.sql)
2024-11-29 09:44:01.545 - Datasource oracle_thin-19348b50cf2-1540138c5bf99fbb not found in project General (/General/Scripts/Script.sql)
2024-11-29 09:44:01.553 - Datasource oracle_thin-19348b50cf2-1540138c5bf99fbb not found in project General (/General/Scripts/Script.sql)
2024-11-29 09:44:02.662 - Datasource oracle_thin-19348b50cf2-1540138c5bf99fbb not found in project General (/General/Scripts/Script.sql)
2024-11-29 09:44:02.674 - Datasource oracle_thin-19348b50cf2-1540138c5bf99fbb not found in project General (/General/Scripts/Script.sql)
2024-11-29 09:44:02.682 - Datasource oracle_thin-19348b50cf2-1540138c5bf99fbb not found in project General (/General/Scripts/Script.sql)
2024-11-29 09:44:02.690 - Datasource oracle_thin-19348b50cf2-1540138c5bf99fbb not found in project General (/General/Scripts/Script.sql)
2024-11-29 09:44:05.476 - Datasource oracle_thin-19348b50cf2-1540138c5bf99fbb not found in project General (/General/Scripts/Script.sql)
2024-11-29 09:44:05.490 - Datasource oracle_thin-19348b50cf2-1540138c5bf99fbb not found in project General (/General/Scripts/Script.sql)
2024-11-29 09:44:06.492 - Datasource oracle_thin-19348b50cf2-1540138c5bf99fbb not found in project General (/General/Scripts/Script.sql)
2024-11-29 09:44:06.501 - Datasource oracle_thin-19348b50cf2-1540138c5bf99fbb not found in project General (/General/Scripts/Script.sql)
2024-11-29 09:44:09.499 - Datasource oracle_thin-19348b50cf2-1540138c5bf99fbb not found in project General (/General/Scripts/Script.sql)
2024-11-29 09:44:09.508 - Datasource oracle_thin-19348b50cf2-1540138c5bf99fbb not found in project General (/General/Scripts/Script.sql)
2024-11-29 09:44:23.405 - Datasource oracle_thin-19348b50cf2-1540138c5bf99fbb not found in project General (/General/Scripts/Script.sql)
2024-11-29 09:44:23.420 - Datasource oracle_thin-19348b50cf2-1540138c5bf99fbb not found in project General (/General/Scripts/Script.sql)
2024-11-29 09:44:24.687 - Datasource oracle_thin-19348b50cf2-1540138c5bf99fbb not found in project General (/General/Scripts/Script.sql)
2024-11-29 09:44:24.700 - Datasource oracle_thin-19348b50cf2-1540138c5bf99fbb not found in project General (/General/Scripts/Script.sql)
2024-11-29 09:44:24.708 - Datasource oracle_thin-19348b50cf2-1540138c5bf99fbb not found in project General (/General/Scripts/Script.sql)
2024-11-29 09:44:24.716 - Datasource oracle_thin-19348b50cf2-1540138c5bf99fbb not found in project General (/General/Scripts/Script.sql)
2024-11-29 09:44:27.504 - Datasource oracle_thin-19348b50cf2-1540138c5bf99fbb not found in project General (/General/Scripts/Script.sql)
2024-11-29 09:44:27.512 - Datasource oracle_thin-19348b50cf2-1540138c5bf99fbb not found in project General (/General/Scripts/Script.sql)
2024-11-29 09:44:27.520 - Datasource oracle_thin-19348b50cf2-1540138c5bf99fbb not found in project General (/General/Scripts/Script.sql)
2024-11-29 09:44:27.528 - Datasource oracle_thin-19348b50cf2-1540138c5bf99fbb not found in project General (/General/Scripts/Script.sql)
2024-11-29 09:44:30.534 - Datasource oracle_thin-19348b50cf2-1540138c5bf99fbb not found in project General (/General/Scripts/Script.sql)
2024-11-29 09:44:30.544 - Datasource oracle_thin-19348b50cf2-1540138c5bf99fbb not found in project General (/General/Scripts/Script.sql)
2024-11-29 09:44:30.552 - Datasource oracle_thin-19348b50cf2-1540138c5bf99fbb not found in project General (/General/Scripts/Script.sql)
2024-11-29 09:44:30.559 - Datasource oracle_thin-19348b50cf2-1540138c5bf99fbb not found in project General (/General/Scripts/Script.sql)
2024-11-29 09:44:31.550 - Datasource oracle_thin-19348b50cf2-1540138c5bf99fbb not found in project General (/General/Scripts/Script.sql)
2024-11-29 09:44:31.559 - Datasource oracle_thin-19348b50cf2-1540138c5bf99fbb not found in project General (/General/Scripts/Script.sql)
2024-11-29 09:44:33.472 - Datasource oracle_thin-19348b50cf2-1540138c5bf99fbb not found in project General (/General/Scripts/Script.sql)
2024-11-29 09:44:33.502 - Datasource oracle_thin-19348b50cf2-1540138c5bf99fbb not found in project General (/General/Scripts/Script.sql)
2024-11-29 09:44:35.879 - Datasource oracle_thin-19348b50cf2-1540138c5bf99fbb not found in project General (/General/Scripts/Script.sql)
2024-11-29 09:44:35.889 - Datasource oracle_thin-19348b50cf2-1540138c5bf99fbb not found in project General (/General/Scripts/Script.sql)
2024-11-29 09:44:36.693 - Datasource oracle_thin-19348b50cf2-1540138c5bf99fbb not found in project General (/General/Scripts/Script.sql)
2024-11-29 09:44:36.704 - Datasource oracle_thin-19348b50cf2-1540138c5bf99fbb not found in project General (/General/Scripts/Script.sql)
2024-11-29 09:44:38.708 - Datasource oracle_thin-19348b50cf2-1540138c5bf99fbb not found in project General (/General/Scripts/Script.sql)
2024-11-29 09:44:38.717 - Datasource oracle_thin-19348b50cf2-1540138c5bf99fbb not found in project General (/General/Scripts/Script.sql)
2024-11-29 09:44:47.339 - Datasource oracle_thin-19348b50cf2-1540138c5bf99fbb not found in project General (/General/Scripts/Script.sql)
2024-11-29 09:44:47.348 - Datasource oracle_thin-19348b50cf2-1540138c5bf99fbb not found in project General (/General/Scripts/Script.sql)
2024-11-29 10:22:07.118 - Datasource oracle_thin-19348b50cf2-1540138c5bf99fbb not found in project General (/General/Scripts/Script.sql)
2024-11-29 10:22:07.126 - Datasource oracle_thin-19348b50cf2-1540138c5bf99fbb not found in project General (/General/Scripts/Script.sql)
2024-11-29 10:22:08.564 - Datasource oracle_thin-19348b50cf2-1540138c5bf99fbb not found in project General (/General/Scripts/Script.sql)
2024-11-29 10:22:08.573 - Datasource oracle_thin-19348b50cf2-1540138c5bf99fbb not found in project General (/General/Scripts/Script.sql)
2024-11-29 10:22:09.247 - SQL Error [947] [42000]: ORA-00947: 값의 수가 충분하지 않습니다

org.jkiss.dbeaver.model.sql.DBSQLException: SQL Error [947] [42000]: ORA-00947: 값의 수가 충분하지 않습니다

	at org.jkiss.dbeaver.model.impl.jdbc.exec.JDBCStatementImpl.executeStatement(JDBCStatementImpl.java:130)
	at org.jkiss.dbeaver.ui.editors.sql.execute.SQLQueryJob.executeStatement(SQLQueryJob.java:631)
	at org.jkiss.dbeaver.ui.editors.sql.execute.SQLQueryJob.lambda$2(SQLQueryJob.java:522)
	at org.jkiss.dbeaver.ui.editors.sql.execute.SQLQueryJob.executeSingleQuery(SQLQueryJob.java:544)
	at org.jkiss.dbeaver.ui.editors.sql.execute.SQLQueryJob.extractData(SQLQueryJob.java:1001)
	at org.jkiss.dbeaver.ui.editors.sql.SQLEditor$QueryResultsContainer.readData(SQLEditor.java:4237)
	at org.jkiss.dbeaver.ui.controls.resultset.ResultSetJobDataRead.lambda$0(ResultSetJobDataRead.java:128)
	at org.jkiss.dbeaver.model.exec.DBExecUtils.tryExecuteRecover(DBExecUtils.java:192)
	at org.jkiss.dbeaver.ui.controls.resultset.ResultSetJobDataRead.run(ResultSetJobDataRead.java:126)
	at org.jkiss.dbeaver.ui.controls.resultset.ResultSetViewer$ResultSetDataPumpJob.run(ResultSetViewer.java:5166)
	at org.jkiss.dbeaver.model.runtime.AbstractJob.run(AbstractJob.java:117)
	at org.eclipse.core.internal.jobs.Worker.run(Worker.java:63)
Caused by: java.sql.SQLSyntaxErrorException: ORA-00947: 값의 수가 충분하지 않습니다

	at oracle.jdbc.driver.T4CTTIoer11.processError(T4CTTIoer11.java:630)
	at oracle.jdbc.driver.T4CTTIoer11.processError(T4CTTIoer11.java:564)
	at oracle.jdbc.driver.T4C8Oall.processError(T4C8Oall.java:1231)
	at oracle.jdbc.driver.T4CTTIfun.receive(T4CTTIfun.java:772)
	at oracle.jdbc.driver.T4CTTIfun.doRPC(T4CTTIfun.java:299)
	at oracle.jdbc.driver.T4C8Oall.doOALL(T4C8Oall.java:512)
	at oracle.jdbc.driver.T4CStatement.doOall8(T4CStatement.java:123)
	at oracle.jdbc.driver.T4CStatement.executeForRows(T4CStatement.java:1200)
	at oracle.jdbc.driver.OracleStatement.executeSQLStatement(OracleStatement.java:1820)
	at oracle.jdbc.driver.OracleStatement.doExecuteWithTimeout(OracleStatement.java:1472)
	at oracle.jdbc.driver.OracleStatement.executeInternal(OracleStatement.java:2505)
	at oracle.jdbc.driver.OracleStatement.execute(OracleStatement.java:2460)
	at oracle.jdbc.driver.OracleStatementWrapper.execute(OracleStatementWrapper.java:328)
	at org.jkiss.dbeaver.model.impl.jdbc.exec.JDBCStatementImpl.execute(JDBCStatementImpl.java:335)
	at org.jkiss.dbeaver.model.impl.jdbc.exec.JDBCStatementImpl.executeStatement(JDBCStatementImpl.java:128)
	... 11 more
Caused by: Error : 947, Position : 12, Sql = INSERT INTO EMPLOYEE2
VALUES(300, '홍길동', '881126-1234567', 'hong_gd@kh.or.kr', '01012341234',
		'D1', 'J4', 'S1', 5000000, 0.3, NULL, 'N'), OriginalSql = INSERT INTO EMPLOYEE2
VALUES(300, '홍길동', '881126-1234567', 'hong_gd@kh.or.kr', '01012341234',
		'D1', 'J4', 'S1', 5000000, 0.3, NULL, 'N'), Error Msg = ORA-00947: 값의 수가 충분하지 않습니다

	at oracle.jdbc.driver.T4CTTIoer11.processError(T4CTTIoer11.java:637)
	... 25 more
2024-11-29 10:22:09.453 - Datasource oracle_thin-19348b50cf2-1540138c5bf99fbb not found in project General (/General/Scripts/Script.sql)
2024-11-29 10:22:09.472 - Datasource oracle_thin-19348b50cf2-1540138c5bf99fbb not found in project General (/General/Scripts/Script.sql)
2024-11-29 10:22:09.480 - Datasource oracle_thin-19348b50cf2-1540138c5bf99fbb not found in project General (/General/Scripts/Script.sql)
2024-11-29 10:22:09.488 - Datasource oracle_thin-19348b50cf2-1540138c5bf99fbb not found in project General (/General/Scripts/Script.sql)
2024-11-29 10:22:09.496 - Datasource oracle_thin-19348b50cf2-1540138c5bf99fbb not found in project General (/General/Scripts/Script.sql)
2024-11-29 10:22:15.784 - Datasource oracle_thin-19348b50cf2-1540138c5bf99fbb not found in project General (/General/Scripts/Script.sql)
2024-11-29 10:22:15.804 - Datasource oracle_thin-19348b50cf2-1540138c5bf99fbb not found in project General (/General/Scripts/Script.sql)
2024-11-29 10:22:16.382 - Datasource oracle_thin-19348b50cf2-1540138c5bf99fbb not found in project General (/General/Scripts/Script.sql)
2024-11-29 10:22:16.391 - Datasource oracle_thin-19348b50cf2-1540138c5bf99fbb not found in project General (/General/Scripts/Script.sql)
2024-11-29 10:22:18.104 - Datasource oracle_thin-19348b50cf2-1540138c5bf99fbb not found in project General (/General/Scripts/Script.sql)
2024-11-29 10:22:18.112 - Datasource oracle_thin-19348b50cf2-1540138c5bf99fbb not found in project General (/General/Scripts/Script.sql)
2024-11-29 10:22:18.121 - Datasource oracle_thin-19348b50cf2-1540138c5bf99fbb not found in project General (/General/Scripts/Script.sql)
2024-11-29 10:22:18.129 - Datasource oracle_thin-19348b50cf2-1540138c5bf99fbb not found in project General (/General/Scripts/Script.sql)
2024-11-29 10:22:21.480 - Datasource oracle_thin-19348b50cf2-1540138c5bf99fbb not found in project General (/General/Scripts/Script.sql)
2024-11-29 10:22:21.508 - Datasource oracle_thin-19348b50cf2-1540138c5bf99fbb not found in project General (/General/Scripts/Script.sql)
2024-11-29 10:22:22.291 - Datasource oracle_thin-19348b50cf2-1540138c5bf99fbb not found in project General (/General/Scripts/Script.sql)
2024-11-29 10:22:22.319 - Datasource oracle_thin-19348b50cf2-1540138c5bf99fbb not found in project General (/General/Scripts/Script.sql)
2024-11-29 10:22:51.785 - Datasource oracle_thin-19348b50cf2-1540138c5bf99fbb not found in project General (/General/Scripts/Script.sql)
2024-11-29 10:22:51.793 - Datasource oracle_thin-19348b50cf2-1540138c5bf99fbb not found in project General (/General/Scripts/Script.sql)
2024-11-29 10:22:52.744 - Datasource oracle_thin-19348b50cf2-1540138c5bf99fbb not found in project General (/General/Scripts/Script.sql)
2024-11-29 10:22:52.752 - Datasource oracle_thin-19348b50cf2-1540138c5bf99fbb not found in project General (/General/Scripts/Script.sql)
2024-11-29 10:22:52.760 - Datasource oracle_thin-19348b50cf2-1540138c5bf99fbb not found in project General (/General/Scripts/Script.sql)
2024-11-29 10:22:52.768 - Datasource oracle_thin-19348b50cf2-1540138c5bf99fbb not found in project General (/General/Scripts/Script.sql)
2024-11-29 10:22:52.776 - Datasource oracle_thin-19348b50cf2-1540138c5bf99fbb not found in project General (/General/Scripts/Script.sql)
2024-11-29 10:22:52.784 - Datasource oracle_thin-19348b50cf2-1540138c5bf99fbb not found in project General (/General/Scripts/Script.sql)
2024-11-29 10:22:52.793 - Datasource oracle_thin-19348b50cf2-1540138c5bf99fbb not found in project General (/General/Scripts/Script.sql)
2024-11-29 10:22:52.801 - Datasource oracle_thin-19348b50cf2-1540138c5bf99fbb not found in project General (/General/Scripts/Script.sql)
2024-11-29 10:22:52.809 - Datasource oracle_thin-19348b50cf2-1540138c5bf99fbb not found in project General (/General/Scripts/Script.sql)
2024-11-29 10:22:52.817 - Datasource oracle_thin-19348b50cf2-1540138c5bf99fbb not found in project General (/General/Scripts/Script.sql)
2024-11-29 10:22:52.825 - Datasource oracle_thin-19348b50cf2-1540138c5bf99fbb not found in project General (/General/Scripts/Script.sql)
2024-11-29 10:22:52.833 - Datasource oracle_thin-19348b50cf2-1540138c5bf99fbb not found in project General (/General/Scripts/Script.sql)
2024-11-29 10:22:52.841 - Datasource oracle_thin-19348b50cf2-1540138c5bf99fbb not found in project General (/General/Scripts/Script.sql)
2024-11-29 10:22:52.849 - Datasource oracle_thin-19348b50cf2-1540138c5bf99fbb not found in project General (/General/Scripts/Script.sql)
2024-11-29 10:22:52.857 - Datasource oracle_thin-19348b50cf2-1540138c5bf99fbb not found in project General (/General/Scripts/Script.sql)
2024-11-29 10:22:52.865 - Datasource oracle_thin-19348b50cf2-1540138c5bf99fbb not found in project General (/General/Scripts/Script.sql)
2024-11-29 10:22:52.873 - Datasource oracle_thin-19348b50cf2-1540138c5bf99fbb not found in project General (/General/Scripts/Script.sql)
2024-11-29 10:22:52.880 - Datasource oracle_thin-19348b50cf2-1540138c5bf99fbb not found in project General (/General/Scripts/Script.sql)
2024-11-29 10:22:52.888 - Datasource oracle_thin-19348b50cf2-1540138c5bf99fbb not found in project General (/General/Scripts/Script.sql)
2024-11-29 10:22:52.896 - Datasource oracle_thin-19348b50cf2-1540138c5bf99fbb not found in project General (/General/Scripts/Script.sql)
2024-11-29 10:22:52.904 - Datasource oracle_thin-19348b50cf2-1540138c5bf99fbb not found in project General (/General/Scripts/Script.sql)
2024-11-29 10:22:52.912 - Datasource oracle_thin-19348b50cf2-1540138c5bf99fbb not found in project General (/General/Scripts/Script.sql)
2024-11-29 10:22:52.919 - Datasource oracle_thin-19348b50cf2-1540138c5bf99fbb not found in project General (/General/Scripts/Script.sql)
2024-11-29 10:22:52.927 - Datasource oracle_thin-19348b50cf2-1540138c5bf99fbb not found in project General (/General/Scripts/Script.sql)
2024-11-29 10:22:52.935 - Datasource oracle_thin-19348b50cf2-1540138c5bf99fbb not found in project General (/General/Scripts/Script.sql)
2024-11-29 10:22:52.943 - Datasource oracle_thin-19348b50cf2-1540138c5bf99fbb not found in project General (/General/Scripts/Script.sql)
2024-11-29 10:22:52.951 - Datasource oracle_thin-19348b50cf2-1540138c5bf99fbb not found in project General (/General/Scripts/Script.sql)
2024-11-29 10:22:52.959 - Datasource oracle_thin-19348b50cf2-1540138c5bf99fbb not found in project General (/General/Scripts/Script.sql)
2024-11-29 10:22:52.967 - Datasource oracle_thin-19348b50cf2-1540138c5bf99fbb not found in project General (/General/Scripts/Script.sql)
2024-11-29 10:22:52.975 - Datasource oracle_thin-19348b50cf2-1540138c5bf99fbb not found in project General (/General/Scripts/Script.sql)
2024-11-29 10:23:02.811 - Datasource oracle_thin-19348b50cf2-1540138c5bf99fbb not found in project General (/General/Scripts/Script.sql)
2024-11-29 10:23:02.822 - Datasource oracle_thin-19348b50cf2-1540138c5bf99fbb not found in project General (/General/Scripts/Script.sql)
2024-11-29 10:23:03.827 - Datasource oracle_thin-19348b50cf2-1540138c5bf99fbb not found in project General (/General/Scripts/Script.sql)
2024-11-29 10:23:03.835 - Datasource oracle_thin-19348b50cf2-1540138c5bf99fbb not found in project General (/General/Scripts/Script.sql)
2024-11-29 10:23:03.843 - Datasource oracle_thin-19348b50cf2-1540138c5bf99fbb not found in project General (/General/Scripts/Script.sql)
2024-11-29 10:23:03.851 - Datasource oracle_thin-19348b50cf2-1540138c5bf99fbb not found in project General (/General/Scripts/Script.sql)
2024-11-29 10:23:04.419 - Datasource oracle_thin-19348b50cf2-1540138c5bf99fbb not found in project General (/General/Scripts/Script.sql)
2024-11-29 10:23:04.428 - Datasource oracle_thin-19348b50cf2-1540138c5bf99fbb not found in project General (/General/Scripts/Script.sql)
2024-11-29 10:23:04.436 - Datasource oracle_thin-19348b50cf2-1540138c5bf99fbb not found in project General (/General/Scripts/Script.sql)
2024-11-29 10:23:04.444 - Datasource oracle_thin-19348b50cf2-1540138c5bf99fbb not found in project General (/General/Scripts/Script.sql)
2024-11-29 10:23:06.576 - Datasource oracle_thin-19348b50cf2-1540138c5bf99fbb not found in project General (/General/Scripts/Script.sql)
2024-11-29 10:23:34.493 - Datasource oracle_thin-19348b50cf2-1540138c5bf99fbb not found in project General (/General/Scripts/Script.sql)
2024-11-29 10:23:34.501 - Datasource oracle_thin-19348b50cf2-1540138c5bf99fbb not found in project General (/General/Scripts/Script.sql)
2024-11-29 10:23:34.509 - Datasource oracle_thin-19348b50cf2-1540138c5bf99fbb not found in project General (/General/Scripts/Script.sql)
2024-11-29 10:23:34.518 - Datasource oracle_thin-19348b50cf2-1540138c5bf99fbb not found in project General (/General/Scripts/Script.sql)
2024-11-29 10:23:35.003 - Datasource oracle_thin-19348b50cf2-1540138c5bf99fbb not found in project General (/General/Scripts/Script.sql)
2024-11-29 10:23:35.011 - Datasource oracle_thin-19348b50cf2-1540138c5bf99fbb not found in project General (/General/Scripts/Script.sql)
2024-11-29 10:23:35.613 - Datasource oracle_thin-19348b50cf2-1540138c5bf99fbb not found in project General (/General/Scripts/Script.sql)
2024-11-29 10:23:35.621 - Datasource oracle_thin-19348b50cf2-1540138c5bf99fbb not found in project General (/General/Scripts/Script.sql)
2024-11-29 10:23:37.619 - Datasource oracle_thin-19348b50cf2-1540138c5bf99fbb not found in project General (/General/Scripts/Script.sql)
2024-11-29 10:23:37.628 - Datasource oracle_thin-19348b50cf2-1540138c5bf99fbb not found in project General (/General/Scripts/Script.sql)
2024-11-29 10:23:37.636 - Datasource oracle_thin-19348b50cf2-1540138c5bf99fbb not found in project General (/General/Scripts/Script.sql)
2024-11-29 10:23:37.643 - Datasource oracle_thin-19348b50cf2-1540138c5bf99fbb not found in project General (/General/Scripts/Script.sql)
2024-11-29 10:23:37.651 - Datasource oracle_thin-19348b50cf2-1540138c5bf99fbb not found in project General (/General/Scripts/Script.sql)
2024-11-29 10:23:37.658 - Datasource oracle_thin-19348b50cf2-1540138c5bf99fbb not found in project General (/General/Scripts/Script.sql)
2024-11-29 10:23:37.666 - Datasource oracle_thin-19348b50cf2-1540138c5bf99fbb not found in project General (/General/Scripts/Script.sql)
2024-11-29 10:23:37.674 - Datasource oracle_thin-19348b50cf2-1540138c5bf99fbb not found in project General (/General/Scripts/Script.sql)
2024-11-29 10:23:37.682 - Datasource oracle_thin-19348b50cf2-1540138c5bf99fbb not found in project General (/General/Scripts/Script.sql)
2024-11-29 10:23:37.690 - Datasource oracle_thin-19348b50cf2-1540138c5bf99fbb not found in project General (/General/Scripts/Script.sql)
2024-11-29 10:23:37.698 - Datasource oracle_thin-19348b50cf2-1540138c5bf99fbb not found in project General (/General/Scripts/Script.sql)
2024-11-29 10:23:37.706 - Datasource oracle_thin-19348b50cf2-1540138c5bf99fbb not found in project General (/General/Scripts/Script.sql)
2024-11-29 10:23:37.713 - Datasource oracle_thin-19348b50cf2-1540138c5bf99fbb not found in project General (/General/Scripts/Script.sql)
2024-11-29 10:23:37.721 - Datasource oracle_thin-19348b50cf2-1540138c5bf99fbb not found in project General (/General/Scripts/Script.sql)
2024-11-29 10:23:37.728 - Datasource oracle_thin-19348b50cf2-1540138c5bf99fbb not found in project General (/General/Scripts/Script.sql)
2024-11-29 10:23:37.736 - Datasource oracle_thin-19348b50cf2-1540138c5bf99fbb not found in project General (/General/Scripts/Script.sql)
2024-11-29 10:23:37.744 - Datasource oracle_thin-19348b50cf2-1540138c5bf99fbb not found in project General (/General/Scripts/Script.sql)
2024-11-29 10:23:37.751 - Datasource oracle_thin-19348b50cf2-1540138c5bf99fbb not found in project General (/General/Scripts/Script.sql)
2024-11-29 10:23:37.759 - Datasource oracle_thin-19348b50cf2-1540138c5bf99fbb not found in project General (/General/Scripts/Script.sql)
2024-11-29 10:23:37.767 - Datasource oracle_thin-19348b50cf2-1540138c5bf99fbb not found in project General (/General/Scripts/Script.sql)
2024-11-29 10:23:37.775 - Datasource oracle_thin-19348b50cf2-1540138c5bf99fbb not found in project General (/General/Scripts/Script.sql)
2024-11-29 10:23:37.783 - Datasource oracle_thin-19348b50cf2-1540138c5bf99fbb not found in project General (/General/Scripts/Script.sql)
2024-11-29 10:23:37.791 - Datasource oracle_thin-19348b50cf2-1540138c5bf99fbb not found in project General (/General/Scripts/Script.sql)
2024-11-29 10:23:37.799 - Datasource oracle_thin-19348b50cf2-1540138c5bf99fbb not found in project General (/General/Scripts/Script.sql)
2024-11-29 10:23:37.808 - Datasource oracle_thin-19348b50cf2-1540138c5bf99fbb not found in project General (/General/Scripts/Script.sql)
2024-11-29 10:23:37.816 - Datasource oracle_thin-19348b50cf2-1540138c5bf99fbb not found in project General (/General/Scripts/Script.sql)
2024-11-29 10:23:37.824 - Datasource oracle_thin-19348b50cf2-1540138c5bf99fbb not found in project General (/General/Scripts/Script.sql)
2024-11-29 10:23:37.831 - Datasource oracle_thin-19348b50cf2-1540138c5bf99fbb not found in project General (/General/Scripts/Script.sql)
2024-11-29 10:23:37.839 - Datasource oracle_thin-19348b50cf2-1540138c5bf99fbb not found in project General (/General/Scripts/Script.sql)
2024-11-29 10:23:37.847 - Datasource oracle_thin-19348b50cf2-1540138c5bf99fbb not found in project General (/General/Scripts/Script.sql)
2024-11-29 10:23:37.855 - Datasource oracle_thin-19348b50cf2-1540138c5bf99fbb not found in project General (/General/Scripts/Script.sql)
2024-11-29 10:23:37.862 - Datasource oracle_thin-19348b50cf2-1540138c5bf99fbb not found in project General (/General/Scripts/Script.sql)
2024-11-29 10:30:22.880 - Datasource oracle_thin-19348b50cf2-1540138c5bf99fbb not found in project General (/General/Scripts/Script.sql)
2024-11-29 10:30:22.894 - Datasource oracle_thin-19348b50cf2-1540138c5bf99fbb not found in project General (/General/Scripts/Script.sql)
2024-11-29 10:30:24.705 - Datasource oracle_thin-19348b50cf2-1540138c5bf99fbb not found in project General (/General/Scripts/Script.sql)
2024-11-29 10:30:24.713 - Datasource oracle_thin-19348b50cf2-1540138c5bf99fbb not found in project General (/General/Scripts/Script.sql)
2024-11-29 10:30:56.122 - Datasource oracle_thin-19348b50cf2-1540138c5bf99fbb not found in project General (/General/Scripts/Script.sql)
2024-11-29 10:30:56.130 - Datasource oracle_thin-19348b50cf2-1540138c5bf99fbb not found in project General (/General/Scripts/Script.sql)
2024-11-29 10:30:57.112 - Error while analyzing query text: SELECT EMP_ID , EMP_NAME , DEPT_TITLE , JOB_NAME 
FROM EMPLOYEE 
LEFT JOIN DEPARTMENT ON (DEPT_CODE = DEPT_ID)
JOIN JOB USING (JOB_CODE)
WHERE DEPT_TITLE = '총무부'
ORDER BY JOB_CODE
java.lang.IllegalStateException: Symbol already classified
	at org.jkiss.dbeaver.model.sql.semantics.SQLQuerySymbol.setSymbolClass(SQLQuerySymbol.java:53)
	at org.jkiss.dbeaver.model.sql.semantics.SQLQuerySymbol.setDefinition(SQLQuerySymbol.java:78)
	at org.jkiss.dbeaver.model.sql.semantics.model.select.SQLQueryRowsNaturalJoinModel.propagateContextImpl(SQLQueryRowsNaturalJoinModel.java:100)
	at org.jkiss.dbeaver.model.sql.semantics.model.select.SQLQueryRowsSourceModel.propagateContext(SQLQueryRowsSourceModel.java:81)
	at org.jkiss.dbeaver.model.sql.semantics.model.select.SQLQueryRowsProjectionModel.propagateContextImpl(SQLQueryRowsProjectionModel.java:151)
	at org.jkiss.dbeaver.model.sql.semantics.model.select.SQLQueryRowsSourceModel.propagateContext(SQLQueryRowsSourceModel.java:81)
	at org.jkiss.dbeaver.model.sql.semantics.model.select.SQLQueryRowsSourceModel.applyContext(SQLQueryRowsSourceModel.java:69)
	at org.jkiss.dbeaver.model.sql.semantics.model.SQLQueryModel.propagateContext(SQLQueryModel.java:80)
	at org.jkiss.dbeaver.model.sql.semantics.SQLQueryModelRecognizer.recognizeQuery(SQLQueryModelRecognizer.java:156)
	at org.jkiss.dbeaver.model.sql.semantics.SQLQueryModelRecognizer.recognizeQuery(SQLQueryModelRecognizer.java:934)
	at org.jkiss.dbeaver.ui.editors.sql.semantics.SQLBackgroundParsingJob.doWork(SQLBackgroundParsingJob.java:641)
	at org.jkiss.dbeaver.ui.editors.sql.semantics.SQLBackgroundParsingJob$1.run(SQLBackgroundParsingJob.java:97)
	at org.jkiss.dbeaver.model.runtime.AbstractJob.run(AbstractJob.java:117)
	at org.eclipse.core.internal.jobs.Worker.run(Worker.java:63)
2024-11-29 10:30:57.672 - Datasource oracle_thin-19348b50cf2-1540138c5bf99fbb not found in project General (/General/Scripts/Script.sql)
2024-11-29 10:30:57.680 - Datasource oracle_thin-19348b50cf2-1540138c5bf99fbb not found in project General (/General/Scripts/Script.sql)
2024-11-29 10:30:57.688 - Datasource oracle_thin-19348b50cf2-1540138c5bf99fbb not found in project General (/General/Scripts/Script.sql)
2024-11-29 10:30:57.696 - Datasource oracle_thin-19348b50cf2-1540138c5bf99fbb not found in project General (/General/Scripts/Script.sql)
2024-11-29 10:30:57.704 - Datasource oracle_thin-19348b50cf2-1540138c5bf99fbb not found in project General (/General/Scripts/Script.sql)
2024-11-29 10:30:57.712 - Datasource oracle_thin-19348b50cf2-1540138c5bf99fbb not found in project General (/General/Scripts/Script.sql)
2024-11-29 10:30:57.720 - Datasource oracle_thin-19348b50cf2-1540138c5bf99fbb not found in project General (/General/Scripts/Script.sql)
2024-11-29 10:30:57.727 - Datasource oracle_thin-19348b50cf2-1540138c5bf99fbb not found in project General (/General/Scripts/Script.sql)
2024-11-29 10:30:57.735 - Datasource oracle_thin-19348b50cf2-1540138c5bf99fbb not found in project General (/General/Scripts/Script.sql)
2024-11-29 10:30:57.743 - Datasource oracle_thin-19348b50cf2-1540138c5bf99fbb not found in project General (/General/Scripts/Script.sql)
2024-11-29 10:30:57.751 - Datasource oracle_thin-19348b50cf2-1540138c5bf99fbb not found in project General (/General/Scripts/Script.sql)
2024-11-29 10:30:57.759 - Datasource oracle_thin-19348b50cf2-1540138c5bf99fbb not found in project General (/General/Scripts/Script.sql)
2024-11-29 10:30:57.767 - Datasource oracle_thin-19348b50cf2-1540138c5bf99fbb not found in project General (/General/Scripts/Script.sql)
2024-11-29 10:30:57.775 - Datasource oracle_thin-19348b50cf2-1540138c5bf99fbb not found in project General (/General/Scripts/Script.sql)
2024-11-29 10:30:57.783 - Datasource oracle_thin-19348b50cf2-1540138c5bf99fbb not found in project General (/General/Scripts/Script.sql)
2024-11-29 10:30:57.791 - Datasource oracle_thin-19348b50cf2-1540138c5bf99fbb not found in project General (/General/Scripts/Script.sql)
2024-11-29 10:30:57.799 - Datasource oracle_thin-19348b50cf2-1540138c5bf99fbb not found in project General (/General/Scripts/Script.sql)
2024-11-29 10:30:57.863 - Datasource oracle_thin-19348b50cf2-1540138c5bf99fbb not found in project General (/General/Scripts/Script.sql)
2024-11-29 10:30:57.873 - Datasource oracle_thin-19348b50cf2-1540138c5bf99fbb not found in project General (/General/Scripts/Script.sql)
2024-11-29 10:30:57.881 - Datasource oracle_thin-19348b50cf2-1540138c5bf99fbb not found in project General (/General/Scripts/Script.sql)
2024-11-29 10:30:57.889 - Datasource oracle_thin-19348b50cf2-1540138c5bf99fbb not found in project General (/General/Scripts/Script.sql)
2024-11-29 10:30:57.896 - Datasource oracle_thin-19348b50cf2-1540138c5bf99fbb not found in project General (/General/Scripts/Script.sql)
2024-11-29 10:30:57.905 - Datasource oracle_thin-19348b50cf2-1540138c5bf99fbb not found in project General (/General/Scripts/Script.sql)
2024-11-29 10:30:57.912 - Datasource oracle_thin-19348b50cf2-1540138c5bf99fbb not found in project General (/General/Scripts/Script.sql)
2024-11-29 10:30:57.920 - Datasource oracle_thin-19348b50cf2-1540138c5bf99fbb not found in project General (/General/Scripts/Script.sql)
2024-11-29 10:30:57.928 - Datasource oracle_thin-19348b50cf2-1540138c5bf99fbb not found in project General (/General/Scripts/Script.sql)
2024-11-29 10:30:57.937 - Datasource oracle_thin-19348b50cf2-1540138c5bf99fbb not found in project General (/General/Scripts/Script.sql)
2024-11-29 10:30:57.945 - Datasource oracle_thin-19348b50cf2-1540138c5bf99fbb not found in project General (/General/Scripts/Script.sql)
2024-11-29 10:30:57.953 - Datasource oracle_thin-19348b50cf2-1540138c5bf99fbb not found in project General (/General/Scripts/Script.sql)
2024-11-29 10:30:57.961 - Datasource oracle_thin-19348b50cf2-1540138c5bf99fbb not found in project General (/General/Scripts/Script.sql)
2024-11-29 10:30:57.969 - Datasource oracle_thin-19348b50cf2-1540138c5bf99fbb not found in project General (/General/Scripts/Script.sql)
2024-11-29 10:30:57.978 - Datasource oracle_thin-19348b50cf2-1540138c5bf99fbb not found in project General (/General/Scripts/Script.sql)
2024-11-29 10:31:00.049 - Datasource oracle_thin-19348b50cf2-1540138c5bf99fbb not found in project General (/General/Scripts/Script.sql)
2024-11-29 10:31:00.058 - Datasource oracle_thin-19348b50cf2-1540138c5bf99fbb not found in project General (/General/Scripts/Script.sql)
2024-11-29 10:31:00.772 - Datasource oracle_thin-19348b50cf2-1540138c5bf99fbb not found in project General (/General/Scripts/Script.sql)
2024-11-29 10:31:00.789 - Datasource oracle_thin-19348b50cf2-1540138c5bf99fbb not found in project General (/General/Scripts/Script.sql)
2024-11-29 10:31:01.387 - Datasource oracle_thin-19348b50cf2-1540138c5bf99fbb not found in project General (/General/Scripts/Script.sql)
2024-11-29 10:31:01.401 - Datasource oracle_thin-19348b50cf2-1540138c5bf99fbb not found in project General (/General/Scripts/Script.sql)
2024-11-29 10:31:02.092 - Datasource oracle_thin-19348b50cf2-1540138c5bf99fbb not found in project General (/General/Scripts/Script.sql)
2024-11-29 10:31:02.102 - Datasource oracle_thin-19348b50cf2-1540138c5bf99fbb not found in project General (/General/Scripts/Script.sql)
2024-11-29 10:31:05.483 - Datasource oracle_thin-19348b50cf2-1540138c5bf99fbb not found in project General (/General/Scripts/Script.sql)
2024-11-29 10:31:05.491 - Datasource oracle_thin-19348b50cf2-1540138c5bf99fbb not found in project General (/General/Scripts/Script.sql)
2024-11-29 10:31:05.499 - Datasource oracle_thin-19348b50cf2-1540138c5bf99fbb not found in project General (/General/Scripts/Script.sql)
2024-11-29 10:31:05.508 - Datasource oracle_thin-19348b50cf2-1540138c5bf99fbb not found in project General (/General/Scripts/Script.sql)
2024-11-29 10:31:05.516 - Datasource oracle_thin-19348b50cf2-1540138c5bf99fbb not found in project General (/General/Scripts/Script.sql)
2024-11-29 10:31:05.524 - Datasource oracle_thin-19348b50cf2-1540138c5bf99fbb not found in project General (/General/Scripts/Script.sql)
2024-11-29 10:31:17.379 - Error while analyzing query text: SELECT EMP_ID , EMP_NAME , DEPT_TITLE , JOB_NAME 
FROM EMPLOYEE 
LEFT JOIN DEPARTMENT ON (DEPT_CODE = DEPT_ID)
JOIN JOB USING (JOB_CODE)
WHERE DEPT_TITLE = '총무부'
ORDER BY JOB_CODE
java.lang.IllegalStateException: Symbol already classified
	at org.jkiss.dbeaver.model.sql.semantics.SQLQuerySymbol.setSymbolClass(SQLQuerySymbol.java:53)
	at org.jkiss.dbeaver.model.sql.semantics.SQLQuerySymbol.setDefinition(SQLQuerySymbol.java:78)
	at org.jkiss.dbeaver.model.sql.semantics.model.select.SQLQueryRowsNaturalJoinModel.propagateContextImpl(SQLQueryRowsNaturalJoinModel.java:100)
	at org.jkiss.dbeaver.model.sql.semantics.model.select.SQLQueryRowsSourceModel.propagateContext(SQLQueryRowsSourceModel.java:81)
	at org.jkiss.dbeaver.model.sql.semantics.model.select.SQLQueryRowsProjectionModel.propagateContextImpl(SQLQueryRowsProjectionModel.java:151)
	at org.jkiss.dbeaver.model.sql.semantics.model.select.SQLQueryRowsSourceModel.propagateContext(SQLQueryRowsSourceModel.java:81)
	at org.jkiss.dbeaver.model.sql.semantics.model.select.SQLQueryRowsSourceModel.applyContext(SQLQueryRowsSourceModel.java:69)
	at org.jkiss.dbeaver.model.sql.semantics.model.SQLQueryModel.propagateContext(SQLQueryModel.java:80)
	at org.jkiss.dbeaver.model.sql.semantics.SQLQueryModelRecognizer.recognizeQuery(SQLQueryModelRecognizer.java:156)
	at org.jkiss.dbeaver.model.sql.semantics.SQLQueryModelRecognizer.recognizeQuery(SQLQueryModelRecognizer.java:934)
	at org.jkiss.dbeaver.ui.editors.sql.semantics.SQLBackgroundParsingJob.doWork(SQLBackgroundParsingJob.java:641)
	at org.jkiss.dbeaver.ui.editors.sql.semantics.SQLBackgroundParsingJob$1.run(SQLBackgroundParsingJob.java:97)
	at org.jkiss.dbeaver.model.runtime.AbstractJob.run(AbstractJob.java:117)
	at org.eclipse.core.internal.jobs.Worker.run(Worker.java:63)
2024-11-29 10:31:19.675 - Datasource oracle_thin-19348b50cf2-1540138c5bf99fbb not found in project General (/General/Scripts/Script.sql)
2024-11-29 10:31:19.683 - Datasource oracle_thin-19348b50cf2-1540138c5bf99fbb not found in project General (/General/Scripts/Script.sql)
2024-11-29 10:31:19.691 - Datasource oracle_thin-19348b50cf2-1540138c5bf99fbb not found in project General (/General/Scripts/Script.sql)
2024-11-29 10:31:19.699 - Datasource oracle_thin-19348b50cf2-1540138c5bf99fbb not found in project General (/General/Scripts/Script.sql)
2024-11-29 10:31:47.624 - Error while analyzing query text: SELECT EMP_ID, EMP_NAME, SALARY, JOB_NAME 
FROM EMPLOYEE 
JOIN JOB USING(JOB_CODE) 
WHERE SALARY > 7000000
ORDER BY SALARY DESC
java.lang.IllegalStateException: Symbol already classified
	at org.jkiss.dbeaver.model.sql.semantics.SQLQuerySymbol.setSymbolClass(SQLQuerySymbol.java:53)
	at org.jkiss.dbeaver.model.sql.semantics.SQLQuerySymbol.setDefinition(SQLQuerySymbol.java:78)
	at org.jkiss.dbeaver.model.sql.semantics.model.select.SQLQueryRowsNaturalJoinModel.propagateContextImpl(SQLQueryRowsNaturalJoinModel.java:100)
	at org.jkiss.dbeaver.model.sql.semantics.model.select.SQLQueryRowsSourceModel.propagateContext(SQLQueryRowsSourceModel.java:81)
	at org.jkiss.dbeaver.model.sql.semantics.model.select.SQLQueryRowsProjectionModel.propagateContextImpl(SQLQueryRowsProjectionModel.java:151)
	at org.jkiss.dbeaver.model.sql.semantics.model.select.SQLQueryRowsSourceModel.propagateContext(SQLQueryRowsSourceModel.java:81)
	at org.jkiss.dbeaver.model.sql.semantics.model.select.SQLQueryRowsSourceModel.applyContext(SQLQueryRowsSourceModel.java:69)
	at org.jkiss.dbeaver.model.sql.semantics.model.SQLQueryModel.propagateContext(SQLQueryModel.java:80)
	at org.jkiss.dbeaver.model.sql.semantics.SQLQueryModelRecognizer.recognizeQuery(SQLQueryModelRecognizer.java:156)
	at org.jkiss.dbeaver.model.sql.semantics.SQLQueryModelRecognizer.recognizeQuery(SQLQueryModelRecognizer.java:934)
	at org.jkiss.dbeaver.ui.editors.sql.semantics.SQLBackgroundParsingJob.doWork(SQLBackgroundParsingJob.java:641)
	at org.jkiss.dbeaver.ui.editors.sql.semantics.SQLBackgroundParsingJob$1.run(SQLBackgroundParsingJob.java:97)
	at org.jkiss.dbeaver.model.runtime.AbstractJob.run(AbstractJob.java:117)
	at org.eclipse.core.internal.jobs.Worker.run(Worker.java:63)
2024-11-29 10:31:47.641 - Error while analyzing query text: SELECT EMP_ID , EMP_NAME , DEPT_TITLE , JOB_NAME 
FROM EMPLOYEE 
LEFT JOIN DEPARTMENT ON (DEPT_CODE = DEPT_ID)
JOIN JOB USING (JOB_CODE)
WHERE DEPT_TITLE = '총무부'
ORDER BY JOB_CODE
java.lang.IllegalStateException: Symbol already classified
	at org.jkiss.dbeaver.model.sql.semantics.SQLQuerySymbol.setSymbolClass(SQLQuerySymbol.java:53)
	at org.jkiss.dbeaver.model.sql.semantics.SQLQuerySymbol.setDefinition(SQLQuerySymbol.java:78)
	at org.jkiss.dbeaver.model.sql.semantics.model.select.SQLQueryRowsNaturalJoinModel.propagateContextImpl(SQLQueryRowsNaturalJoinModel.java:100)
	at org.jkiss.dbeaver.model.sql.semantics.model.select.SQLQueryRowsSourceModel.propagateContext(SQLQueryRowsSourceModel.java:81)
	at org.jkiss.dbeaver.model.sql.semantics.model.select.SQLQueryRowsProjectionModel.propagateContextImpl(SQLQueryRowsProjectionModel.java:151)
	at org.jkiss.dbeaver.model.sql.semantics.model.select.SQLQueryRowsSourceModel.propagateContext(SQLQueryRowsSourceModel.java:81)
	at org.jkiss.dbeaver.model.sql.semantics.model.select.SQLQueryRowsSourceModel.applyContext(SQLQueryRowsSourceModel.java:69)
	at org.jkiss.dbeaver.model.sql.semantics.model.SQLQueryModel.propagateContext(SQLQueryModel.java:80)
	at org.jkiss.dbeaver.model.sql.semantics.SQLQueryModelRecognizer.recognizeQuery(SQLQueryModelRecognizer.java:156)
	at org.jkiss.dbeaver.model.sql.semantics.SQLQueryModelRecognizer.recognizeQuery(SQLQueryModelRecognizer.java:934)
	at org.jkiss.dbeaver.ui.editors.sql.semantics.SQLBackgroundParsingJob.doWork(SQLBackgroundParsingJob.java:641)
	at org.jkiss.dbeaver.ui.editors.sql.semantics.SQLBackgroundParsingJob$1.run(SQLBackgroundParsingJob.java:97)
	at org.jkiss.dbeaver.model.runtime.AbstractJob.run(AbstractJob.java:117)
	at org.eclipse.core.internal.jobs.Worker.run(Worker.java:63)
2024-11-29 10:32:00.548 - Datasource oracle_thin-19348b50cf2-1540138c5bf99fbb not found in project General (/General/Scripts/Script.sql)
2024-11-29 10:32:00.558 - Datasource oracle_thin-19348b50cf2-1540138c5bf99fbb not found in project General (/General/Scripts/Script.sql)
2024-11-29 11:16:21.114 - Connect with 'sys 관리자 계정' (oracle_thin-1933de64842-196500cba65b8b2)
2024-11-29 11:16:21.115 - Execution context opened (sys 관리자 계정; Main; 4)
2024-11-29 11:16:21.166 - Execution context opened (sys 관리자 계정; Metadata; 5)
2024-11-29 11:16:21.214 - Connected (oracle_thin-1933de64842-196500cba65b8b2, Oracle JDBC driver [21.5.0.0.0])
2024-11-29 11:16:21.217 - Execution context opened (sys 관리자 계정; SQLEditor <00_사용자계정생성.sql>; 6)
2024-11-29 11:16:22.475 - Datasource oracle_thin-19348b50cf2-1540138c5bf99fbb not found in project General (/General/Scripts/Script.sql)
2024-11-29 11:16:22.483 - Datasource oracle_thin-19348b50cf2-1540138c5bf99fbb not found in project General (/General/Scripts/Script.sql)
2024-11-29 11:16:22.491 - Datasource oracle_thin-19348b50cf2-1540138c5bf99fbb not found in project General (/General/Scripts/Script.sql)
2024-11-29 11:16:22.499 - Datasource oracle_thin-19348b50cf2-1540138c5bf99fbb not found in project General (/General/Scripts/Script.sql)
2024-11-29 11:16:22.507 - Datasource oracle_thin-19348b50cf2-1540138c5bf99fbb not found in project General (/General/Scripts/Script.sql)
2024-11-29 11:16:22.515 - Datasource oracle_thin-19348b50cf2-1540138c5bf99fbb not found in project General (/General/Scripts/Script.sql)
2024-11-29 11:17:15.010 - Datasource oracle_thin-19348b50cf2-1540138c5bf99fbb not found in project General (/General/Scripts/Script.sql)
2024-11-29 11:17:15.017 - Datasource oracle_thin-19348b50cf2-1540138c5bf99fbb not found in project General (/General/Scripts/Script.sql)
2024-11-29 11:17:15.025 - Datasource oracle_thin-19348b50cf2-1540138c5bf99fbb not found in project General (/General/Scripts/Script.sql)
2024-11-29 11:17:15.033 - Datasource oracle_thin-19348b50cf2-1540138c5bf99fbb not found in project General (/General/Scripts/Script.sql)
2024-11-29 11:17:16.437 - Datasource oracle_thin-19348b50cf2-1540138c5bf99fbb not found in project General (/General/Scripts/Script.sql)
2024-11-29 11:17:16.449 - Datasource oracle_thin-19348b50cf2-1540138c5bf99fbb not found in project General (/General/Scripts/Script.sql)
2024-11-29 11:17:16.457 - Datasource oracle_thin-19348b50cf2-1540138c5bf99fbb not found in project General (/General/Scripts/Script.sql)
2024-11-29 11:17:16.465 - Datasource oracle_thin-19348b50cf2-1540138c5bf99fbb not found in project General (/General/Scripts/Script.sql)
2024-11-29 11:17:16.473 - Datasource oracle_thin-19348b50cf2-1540138c5bf99fbb not found in project General (/General/Scripts/Script.sql)
2024-11-29 11:17:16.481 - Datasource oracle_thin-19348b50cf2-1540138c5bf99fbb not found in project General (/General/Scripts/Script.sql)
2024-11-29 11:17:16.489 - Datasource oracle_thin-19348b50cf2-1540138c5bf99fbb not found in project General (/General/Scripts/Script.sql)
2024-11-29 11:17:16.497 - Datasource oracle_thin-19348b50cf2-1540138c5bf99fbb not found in project General (/General/Scripts/Script.sql)
2024-11-29 11:17:17.681 - Datasource oracle_thin-19348b50cf2-1540138c5bf99fbb not found in project General (/General/Scripts/Script.sql)
2024-11-29 11:17:17.691 - Datasource oracle_thin-19348b50cf2-1540138c5bf99fbb not found in project General (/General/Scripts/Script.sql)
2024-11-29 11:17:17.699 - Datasource oracle_thin-19348b50cf2-1540138c5bf99fbb not found in project General (/General/Scripts/Script.sql)
2024-11-29 11:17:17.707 - Datasource oracle_thin-19348b50cf2-1540138c5bf99fbb not found in project General (/General/Scripts/Script.sql)
2024-11-29 11:17:19.583 - Datasource oracle_thin-19348b50cf2-1540138c5bf99fbb not found in project General (/General/Scripts/Script.sql)
2024-11-29 11:17:19.594 - Datasource oracle_thin-19348b50cf2-1540138c5bf99fbb not found in project General (/General/Scripts/Script.sql)
2024-11-29 11:17:19.605 - Datasource oracle_thin-19348b50cf2-1540138c5bf99fbb not found in project General (/General/Scripts/Script.sql)
2024-11-29 11:17:19.614 - Datasource oracle_thin-19348b50cf2-1540138c5bf99fbb not found in project General (/General/Scripts/Script.sql)
2024-11-29 11:17:24.737 - Datasource oracle_thin-19348b50cf2-1540138c5bf99fbb not found in project General (/General/Scripts/Script.sql)
2024-11-29 11:17:24.745 - Datasource oracle_thin-19348b50cf2-1540138c5bf99fbb not found in project General (/General/Scripts/Script.sql)
2024-11-29 11:17:24.753 - Datasource oracle_thin-19348b50cf2-1540138c5bf99fbb not found in project General (/General/Scripts/Script.sql)
2024-11-29 11:17:24.763 - Datasource oracle_thin-19348b50cf2-1540138c5bf99fbb not found in project General (/General/Scripts/Script.sql)
2024-11-29 11:17:40.245 - Datasource oracle_thin-19348b50cf2-1540138c5bf99fbb not found in project General (/General/Scripts/Script.sql)
2024-11-29 11:17:40.267 - Datasource oracle_thin-19348b50cf2-1540138c5bf99fbb not found in project General (/General/Scripts/Script.sql)
2024-11-29 11:17:40.279 - Datasource oracle_thin-19348b50cf2-1540138c5bf99fbb not found in project General (/General/Scripts/Script.sql)
2024-11-29 11:17:40.287 - Datasource oracle_thin-19348b50cf2-1540138c5bf99fbb not found in project General (/General/Scripts/Script.sql)
2024-11-29 11:17:40.753 - Datasource oracle_thin-19348b50cf2-1540138c5bf99fbb not found in project General (/General/Scripts/Script.sql)
2024-11-29 11:17:40.764 - Datasource oracle_thin-19348b50cf2-1540138c5bf99fbb not found in project General (/General/Scripts/Script.sql)
2024-11-29 11:17:40.772 - Datasource oracle_thin-19348b50cf2-1540138c5bf99fbb not found in project General (/General/Scripts/Script.sql)
2024-11-29 11:17:40.780 - Datasource oracle_thin-19348b50cf2-1540138c5bf99fbb not found in project General (/General/Scripts/Script.sql)
2024-11-29 11:17:41.955 - Datasource oracle_thin-19348b50cf2-1540138c5bf99fbb not found in project General (/General/Scripts/Script.sql)
2024-11-29 11:17:41.963 - Datasource oracle_thin-19348b50cf2-1540138c5bf99fbb not found in project General (/General/Scripts/Script.sql)
2024-11-29 11:17:41.971 - Datasource oracle_thin-19348b50cf2-1540138c5bf99fbb not found in project General (/General/Scripts/Script.sql)
2024-11-29 11:17:41.979 - Datasource oracle_thin-19348b50cf2-1540138c5bf99fbb not found in project General (/General/Scripts/Script.sql)
2024-11-29 11:17:42.973 - Datasource oracle_thin-19348b50cf2-1540138c5bf99fbb not found in project General (/General/Scripts/Script.sql)
2024-11-29 11:17:42.982 - Datasource oracle_thin-19348b50cf2-1540138c5bf99fbb not found in project General (/General/Scripts/Script.sql)
2024-11-29 11:17:42.989 - Datasource oracle_thin-19348b50cf2-1540138c5bf99fbb not found in project General (/General/Scripts/Script.sql)
2024-11-29 11:17:42.996 - Datasource oracle_thin-19348b50cf2-1540138c5bf99fbb not found in project General (/General/Scripts/Script.sql)
2024-11-29 11:17:44.584 - Datasource oracle_thin-19348b50cf2-1540138c5bf99fbb not found in project General (/General/Scripts/Script.sql)
2024-11-29 11:17:44.593 - Datasource oracle_thin-19348b50cf2-1540138c5bf99fbb not found in project General (/General/Scripts/Script.sql)
2024-11-29 11:17:44.601 - Datasource oracle_thin-19348b50cf2-1540138c5bf99fbb not found in project General (/General/Scripts/Script.sql)
2024-11-29 11:17:44.609 - Datasource oracle_thin-19348b50cf2-1540138c5bf99fbb not found in project General (/General/Scripts/Script.sql)
2024-11-29 11:17:50.530 - Datasource oracle_thin-19348b50cf2-1540138c5bf99fbb not found in project General (/General/Scripts/Script.sql)
2024-11-29 11:17:50.538 - Datasource oracle_thin-19348b50cf2-1540138c5bf99fbb not found in project General (/General/Scripts/Script.sql)
2024-11-29 11:17:50.546 - Datasource oracle_thin-19348b50cf2-1540138c5bf99fbb not found in project General (/General/Scripts/Script.sql)
2024-11-29 11:17:50.553 - Datasource oracle_thin-19348b50cf2-1540138c5bf99fbb not found in project General (/General/Scripts/Script.sql)
2024-11-29 11:17:55.904 - Datasource oracle_thin-19348b50cf2-1540138c5bf99fbb not found in project General (/General/Scripts/Script.sql)
2024-11-29 11:17:55.913 - Datasource oracle_thin-19348b50cf2-1540138c5bf99fbb not found in project General (/General/Scripts/Script.sql)
2024-11-29 11:17:59.147 - Datasource oracle_thin-19348b50cf2-1540138c5bf99fbb not found in project General (/General/Scripts/Script.sql)
2024-11-29 11:17:59.156 - Datasource oracle_thin-19348b50cf2-1540138c5bf99fbb not found in project General (/General/Scripts/Script.sql)
2024-11-29 11:17:59.164 - Datasource oracle_thin-19348b50cf2-1540138c5bf99fbb not found in project General (/General/Scripts/Script.sql)
2024-11-29 11:17:59.172 - Datasource oracle_thin-19348b50cf2-1540138c5bf99fbb not found in project General (/General/Scripts/Script.sql)
2024-11-29 11:18:09.967 - Unrecognized Oracle client version at C:\app\user1\product\18.0.0\dbhomeXE
2024-11-29 11:18:10.086 - Auth model 'native' was replaced by 'oracle_native'
2024-11-29 11:18:10.111 - Service 'org.jkiss.dbeaver.runtime.ui.UIServiceSecurity' not found
2024-11-29 11:18:21.432 - Connect with 'jdbc:oracle:thin:@//localhost:1521/XE' (oracle_thin-19375b64b52-3725df363ac689cc)
2024-11-29 11:18:21.433 - Execution context opened (jdbc:oracle:thin:@//localhost:1521/XE; Main; 7)
2024-11-29 11:18:21.476 - Connected (oracle_thin-19375b64b52-3725df363ac689cc, Oracle JDBC driver [21.5.0.0.0])
2024-11-29 11:18:21.489 - Execution context closed (jdbc:oracle:thin:@//localhost:1521/XE, 7)
2024-11-29 11:18:21.490 - Disconnected (oracle_thin-19375b64b52-3725df363ac689cc)
2024-11-29 11:49:58.481 - End idle 1 transactions for oracle_thin-1933df61afb-479409d37091b205
2024-11-29 11:50:07.711 - End idle 1 transactions for oracle_thin-1933de64842-196500cba65b8b2
