2024-11-25 00:09:48.963 - DBeaver 24.2.4.202411031831 is starting
2024-11-25 00:09:48.963 - OS: Windows 10 10.0 (amd64)
2024-11-25 00:09:48.964 - Java version: 17.0.6 by Eclipse Adoptium (64bit)
2024-11-25 00:09:48.964 - Install path: 'C:\Program Files\DBeaver'
2024-11-25 00:09:48.964 - Instance path: 'file:/D:/workspace/KHacademy/workspace/2_DB/General/'
2024-11-25 00:09:48.965 - Memory available 64Mb/1024Mb
2024-11-25 00:09:48.977 - Create display
2024-11-25 00:09:49.124 - Starting instance server at http://localhost:51631
2024-11-25 00:09:49.131 - Run workbench
> Start Eclipse e4 Workbench SWT [org.eclipse.e4.ui.workbench.swt 0.17.500.v20240807-0911]
> Start Eclipse Application Services [org.eclipse.e4.core.services 2.4.400.v20240413-1529]
> Start Eclipse UI Application Services [org.eclipse.e4.ui.services 1.6.300.v20231201-1637]
> Start Eclipse e4 Progress View [org.eclipse.e4.ui.progress 0.4.600.v20240606-1020]
> Start Eclipse Bindings Support [org.eclipse.e4.ui.bindings 0.14.400.v20240321-1245]
> Start Eclipse e4 core commands [org.eclipse.e4.core.commands 1.1.400.v20240424-0444]
> Start EMF XML/XMI Persistence [org.eclipse.emf.ecore.xmi 2.38.0.v20240721-0634]
> Start Eclipse CSS SWT Theme Support [org.eclipse.e4.ui.css.swt.theme 0.14.400.v20240424-0956]
> Start Eclipse e4 Workbench Add-ons [org.eclipse.e4.ui.workbench.addons.swt 1.5.500.v20240620-1945]
> Start Eclipse e4 Workbench SWT Renderer [org.eclipse.e4.ui.workbench.renderers.swt 0.16.500.v20240727-1037]
> Start Eclipse Dependency Injection Extensions [org.eclipse.e4.core.di.extensions 0.18.300.v20240413-1529]
> Start Eclipse CSS SWT Support [org.eclipse.e4.ui.css.swt 0.15.400.v20240321-1245]
> Start Default Text Editor [org.eclipse.ui.editors 3.18.0.v20240807-0735]
> Start Text Editor Framework [org.eclipse.ui.workbench.texteditor 3.18.0.v20240819-1419]
2024-11-25 00:09:57.549 - Configure workbench window
> Start DBeaver SQL Model [org.jkiss.dbeaver.model.sql 1.0.132.202411031831]
2024-11-25 00:09:57.677 - Total database drivers: 120 (120)
> Start Help System Core [org.eclipse.help 3.10.400.v20240415-0528]
2024-11-25 00:09:57.740 - Create actions
2024-11-25 00:09:57.744 - Disable Eclipse action set 'org.eclipse.ui.edit.text.actionSet.annotationNavigation'
2024-11-25 00:09:57.744 - Disable Eclipse action set 'org.eclipse.ui.WorkingSetActionSet'
2024-11-25 00:09:57.744 - Disable Eclipse action set 'org.eclipse.ui.actionSet.openFiles'
2024-11-25 00:09:57.745 - Create workbench actions
2024-11-25 00:09:58.063 - Initialize workbench window
2024-11-25 00:09:58.068 - Finish initialization
> Start DBeaver UI Editors - Data [org.jkiss.dbeaver.ui.editors.data 1.0.142.202411031831]
Warning: NLS unused message: actions_navigator__objects in: org.jkiss.dbeaver.ui.editors.sql.internal.SQLEditorMessages
> Start DBeaver UI Editors - SQL [org.jkiss.dbeaver.ui.editors.sql 1.0.142.202411031831]
> Start DBeaver SQL Terminal [org.jkiss.dbeaver.ui.editors.sql.terminal 1.0.118.202411031831]
> Start Core Compare Support [org.eclipse.compare.core 3.8.500.v20240524-2010]
> Start Internet Connection Management UI [org.eclipse.ui.net 1.5.400.v20240413-1529]
> Start Internet Connection Management [org.eclipse.core.net 1.5.500.v20240625-1706]
> Start DBeaver Sample Database [org.jkiss.dbeaver.ext.sample.database 1.0.179.202411031831]
> Start DBeaver Tip of the day [org.jkiss.dbeaver.ext.ui.tipoftheday 1.0.148.202411031831]
> Start GEF Classic Draw2d [org.eclipse.draw2d 3.17.0.202409021815]
> Start GEF Classic GEF (MVC) [org.eclipse.gef 3.19.0.202409021815]
> Start DBeaver ERD UI [org.jkiss.dbeaver.erd.ui 3.0.102.202411031831]
> Start DBeaver ERD Model [org.jkiss.dbeaver.erd.model 1.0.102.202411031831]
> Start DBeaver Dashboard UI [org.jkiss.dbeaver.ui.dashboard 1.0.139.202411031831]
> Start DBeaver JDBC Model [org.jkiss.dbeaver.model.jdbc 1.0.35.202411031831]
> Start DBeaver Oracle Model [org.jkiss.dbeaver.ext.oracle 2.1.227.202411031831]
> Start DBeaver UI Editors - Connections [org.jkiss.dbeaver.ui.editors.connection 1.0.133.202411031831]
> Start Console [org.eclipse.ui.console 3.14.100.v20240429-1358]
> Start Debug Core [org.eclipse.debug.core 3.21.500.v20240801-2219]
> Start DBeaver Tasks - Native Tools UI [org.jkiss.dbeaver.tasks.native.ui 1.0.120.202411031831]
> Start DBeaver Oracle UI [org.jkiss.dbeaver.ext.oracle.ui 1.0.129.202411031831]
> Start DBeaver Tasks - General UI [org.jkiss.dbeaver.tasks.ui 1.0.120.202411031831]
2024-11-25 00:10:00.864 - Connect with 'KH_CYJ 사용자 계정' (oracle_thin-1933fe03f97-1eb1a9eee11a1f01)
2024-11-25 00:10:00.885 - Execution context opened (KH_CYJ 사용자 계정; Main; 0)
2024-11-25 00:10:01.195 - ORA-12541: 데이터베이스에 접속할 수 없습니다. %s에 리스너가 없습니다. (CONNECTION_ID=AlV8WxkjT6umQQAA0i5GuQ==)
org.jkiss.dbeaver.model.exec.DBCConnectException: ORA-12541: 데이터베이스에 접속할 수 없습니다. %s에 리스너가 없습니다. (CONNECTION_ID=AlV8WxkjT6umQQAA0i5GuQ==)
	at org.jkiss.dbeaver.model.impl.jdbc.JDBCDataSource.openConnection(JDBCDataSource.java:255)
	at org.jkiss.dbeaver.model.impl.jdbc.JDBCDataSource.openConnection(JDBCDataSource.java:130)
	at org.jkiss.dbeaver.ext.oracle.model.OracleDataSource.openConnection(OracleDataSource.java:192)
	at org.jkiss.dbeaver.model.impl.jdbc.JDBCExecutionContext.connect(JDBCExecutionContext.java:119)
	at org.jkiss.dbeaver.model.impl.jdbc.JDBCRemoteInstance.initializeMainContext(JDBCRemoteInstance.java:102)
	at org.jkiss.dbeaver.model.impl.jdbc.JDBCRemoteInstance.<init>(JDBCRemoteInstance.java:61)
	at org.jkiss.dbeaver.model.impl.jdbc.JDBCDataSource.initializeRemoteInstance(JDBCDataSource.java:122)
	at org.jkiss.dbeaver.model.impl.jdbc.JDBCDataSource.<init>(JDBCDataSource.java:106)
	at org.jkiss.dbeaver.model.impl.jdbc.JDBCDataSource.<init>(JDBCDataSource.java:97)
	at org.jkiss.dbeaver.ext.oracle.model.OracleDataSource.<init>(OracleDataSource.java:110)
	at org.jkiss.dbeaver.ext.oracle.OracleDataSourceProvider.openDataSource(OracleDataSourceProvider.java:143)
	at org.jkiss.dbeaver.registry.DataSourceDescriptor.openDataSource(DataSourceDescriptor.java:1395)
	at org.jkiss.dbeaver.registry.DataSourceDescriptor.connect0(DataSourceDescriptor.java:1266)
	at org.jkiss.dbeaver.registry.DataSourceDescriptor.connect(DataSourceDescriptor.java:1056)
	at org.jkiss.dbeaver.runtime.jobs.ConnectJob.run(ConnectJob.java:78)
	at org.jkiss.dbeaver.model.runtime.AbstractJob.run(AbstractJob.java:117)
	at org.eclipse.core.internal.jobs.Worker.run(Worker.java:63)
Caused by: java.sql.SQLException: ORA-12541: 데이터베이스에 접속할 수 없습니다. %s에 리스너가 없습니다. (CONNECTION_ID=AlV8WxkjT6umQQAA0i5GuQ==)
	at oracle.jdbc.driver.T4CConnection.handleLogonNetException(T4CConnection.java:1099)
	at oracle.jdbc.driver.T4CConnection.logon(T4CConnection.java:879)
	at oracle.jdbc.driver.PhysicalConnection.connect(PhysicalConnection.java:1132)
	at oracle.jdbc.driver.T4CDriverExtension.getConnection(T4CDriverExtension.java:104)
	at oracle.jdbc.driver.OracleDriver.connect(OracleDriver.java:837)
	at oracle.jdbc.driver.OracleDriver.connect(OracleDriver.java:664)
	at org.jkiss.dbeaver.model.impl.jdbc.JDBCConnectionOpener.run(JDBCConnectionOpener.java:109)
	at org.jkiss.dbeaver.model.impl.jdbc.JDBCConnectionOpener.run(JDBCConnectionOpener.java:83)
	at org.jkiss.dbeaver.model.impl.jdbc.JDBCDataSource.openConnection(JDBCDataSource.java:211)
	... 16 more
Caused by: oracle.net.ns.NetException: ORA-12541: 데이터베이스에 접속할 수 없습니다. %s에 리스너가 없습니다. (CONNECTION_ID=AlV8WxkjT6umQQAA0i5GuQ==)
	at oracle.net.nt.TcpNTAdapter.establishSocket(TcpNTAdapter.java:312)
	at oracle.net.nt.TcpNTAdapter.connect(TcpNTAdapter.java:223)
	at oracle.net.nt.ConnOption.connect(ConnOption.java:259)
	at oracle.net.nt.ConnStrategy.executeConnOption(ConnStrategy.java:1076)
	at oracle.net.nt.ConnStrategy.execute(ConnStrategy.java:681)
	at oracle.net.resolver.AddrResolution.resolveAndExecute(AddrResolution.java:688)
	at oracle.net.ns.NSProtocol.establishConnection(NSProtocol.java:935)
	at oracle.net.ns.NSProtocol.connect(NSProtocol.java:323)
	at oracle.jdbc.driver.T4CConnection.connectSession(T4CConnection.java:2882)
	at oracle.jdbc.driver.T4CConnection.logon(T4CConnection.java:811)
	... 23 more
> Start DBeaver SQL Language Semantic Model [org.jkiss.dbeaver.model.lsm 1.0.37.202411031831]
2024-11-25 00:10:02.615 - Open [https://dbeaver.io/product/version.xml]
2024-11-25 00:11:33.147 - Connect with 'sys 관리자 계정' (oracle_thin-1933fdbd4a8-167813de31ba2079)
2024-11-25 00:11:33.148 - Execution context opened (sys 관리자 계정; Main; 1)
2024-11-25 00:11:33.168 - ORA-12541: 데이터베이스에 접속할 수 없습니다. %s에 리스너가 없습니다. (CONNECTION_ID=LZpu9REISPW5+ZNFrWeN5A==)
org.jkiss.dbeaver.model.exec.DBCConnectException: ORA-12541: 데이터베이스에 접속할 수 없습니다. %s에 리스너가 없습니다. (CONNECTION_ID=LZpu9REISPW5+ZNFrWeN5A==)
	at org.jkiss.dbeaver.model.impl.jdbc.JDBCDataSource.openConnection(JDBCDataSource.java:255)
	at org.jkiss.dbeaver.model.impl.jdbc.JDBCDataSource.openConnection(JDBCDataSource.java:130)
	at org.jkiss.dbeaver.ext.oracle.model.OracleDataSource.openConnection(OracleDataSource.java:192)
	at org.jkiss.dbeaver.model.impl.jdbc.JDBCExecutionContext.connect(JDBCExecutionContext.java:119)
	at org.jkiss.dbeaver.model.impl.jdbc.JDBCRemoteInstance.initializeMainContext(JDBCRemoteInstance.java:102)
	at org.jkiss.dbeaver.model.impl.jdbc.JDBCRemoteInstance.<init>(JDBCRemoteInstance.java:61)
	at org.jkiss.dbeaver.model.impl.jdbc.JDBCDataSource.initializeRemoteInstance(JDBCDataSource.java:122)
	at org.jkiss.dbeaver.model.impl.jdbc.JDBCDataSource.<init>(JDBCDataSource.java:106)
	at org.jkiss.dbeaver.model.impl.jdbc.JDBCDataSource.<init>(JDBCDataSource.java:97)
	at org.jkiss.dbeaver.ext.oracle.model.OracleDataSource.<init>(OracleDataSource.java:110)
	at org.jkiss.dbeaver.ext.oracle.OracleDataSourceProvider.openDataSource(OracleDataSourceProvider.java:143)
	at org.jkiss.dbeaver.registry.DataSourceDescriptor.openDataSource(DataSourceDescriptor.java:1395)
	at org.jkiss.dbeaver.registry.DataSourceDescriptor.connect0(DataSourceDescriptor.java:1266)
	at org.jkiss.dbeaver.registry.DataSourceDescriptor.connect(DataSourceDescriptor.java:1056)
	at org.jkiss.dbeaver.runtime.jobs.ConnectJob.run(ConnectJob.java:78)
	at org.jkiss.dbeaver.runtime.jobs.ConnectJob.runSync(ConnectJob.java:109)
	at org.jkiss.dbeaver.ui.actions.datasource.DataSourceHandler.connectToDataSource(DataSourceHandler.java:122)
	at org.jkiss.dbeaver.ui.actions.datasource.UIServiceConnectionsImpl.initConnection(UIServiceConnectionsImpl.java:87)
	at org.jkiss.dbeaver.model.DBUtils.initDataSource(DBUtils.java:2456)
	at org.jkiss.dbeaver.model.navigator.DBNDataSource.initializeNode(DBNDataSource.java:159)
	at org.jkiss.dbeaver.model.navigator.DBNDatabaseNode.getChildren(DBNDatabaseNode.java:226)
	at org.jkiss.dbeaver.model.navigator.DBNDatabaseNode.getChildren(DBNDatabaseNode.java:1)
	at org.jkiss.dbeaver.model.navigator.DBNUtils.getNodeChildrenFiltered(DBNUtils.java:94)
	at org.jkiss.dbeaver.ui.navigator.database.load.TreeLoadService.evaluate(TreeLoadService.java:49)
	at org.jkiss.dbeaver.ui.navigator.database.load.TreeLoadService.evaluate(TreeLoadService.java:1)
	at org.jkiss.dbeaver.ui.LoadingJob.run(LoadingJob.java:88)
	at org.jkiss.dbeaver.model.runtime.AbstractJob.run(AbstractJob.java:117)
	at org.eclipse.core.internal.jobs.Worker.run(Worker.java:63)
Caused by: java.sql.SQLException: ORA-12541: 데이터베이스에 접속할 수 없습니다. %s에 리스너가 없습니다. (CONNECTION_ID=LZpu9REISPW5+ZNFrWeN5A==)
	at oracle.jdbc.driver.T4CConnection.handleLogonNetException(T4CConnection.java:1099)
	at oracle.jdbc.driver.T4CConnection.logon(T4CConnection.java:879)
	at oracle.jdbc.driver.PhysicalConnection.connect(PhysicalConnection.java:1132)
	at oracle.jdbc.driver.T4CDriverExtension.getConnection(T4CDriverExtension.java:104)
	at oracle.jdbc.driver.OracleDriver.connect(OracleDriver.java:837)
	at oracle.jdbc.driver.OracleDriver.connect(OracleDriver.java:664)
	at org.jkiss.dbeaver.model.impl.jdbc.JDBCConnectionOpener.run(JDBCConnectionOpener.java:109)
	at org.jkiss.dbeaver.model.impl.jdbc.JDBCConnectionOpener.run(JDBCConnectionOpener.java:83)
	at org.jkiss.dbeaver.model.impl.jdbc.JDBCDataSource.openConnection(JDBCDataSource.java:211)
	... 27 more
Caused by: oracle.net.ns.NetException: ORA-12541: 데이터베이스에 접속할 수 없습니다. %s에 리스너가 없습니다. (CONNECTION_ID=LZpu9REISPW5+ZNFrWeN5A==)
	at oracle.net.nt.TcpNTAdapter.establishSocket(TcpNTAdapter.java:312)
	at oracle.net.nt.TcpNTAdapter.connect(TcpNTAdapter.java:223)
	at oracle.net.nt.ConnOption.connect(ConnOption.java:259)
	at oracle.net.nt.ConnStrategy.executeConnOption(ConnStrategy.java:1076)
	at oracle.net.nt.ConnStrategy.execute(ConnStrategy.java:681)
	at oracle.net.resolver.AddrResolution.resolveAndExecute(AddrResolution.java:688)
	at oracle.net.ns.NSProtocol.establishConnection(NSProtocol.java:935)
	at oracle.net.ns.NSProtocol.connect(NSProtocol.java:323)
	at oracle.jdbc.driver.T4CConnection.connectSession(T4CConnection.java:2882)
	at oracle.jdbc.driver.T4CConnection.logon(T4CConnection.java:811)
	... 34 more
2024-11-25 00:11:36.306 - Connect with 'sys 관리자 계정' (oracle_thin-1933fdbd4a8-167813de31ba2079)
2024-11-25 00:11:36.307 - Execution context opened (sys 관리자 계정; Main; 2)
2024-11-25 00:11:36.348 - ORA-12541: 데이터베이스에 접속할 수 없습니다. %s에 리스너가 없습니다. (CONNECTION_ID=s3PNEBfRQRiu6nZ1bi4XtQ==)
org.jkiss.dbeaver.model.exec.DBCConnectException: ORA-12541: 데이터베이스에 접속할 수 없습니다. %s에 리스너가 없습니다. (CONNECTION_ID=s3PNEBfRQRiu6nZ1bi4XtQ==)
	at org.jkiss.dbeaver.model.impl.jdbc.JDBCDataSource.openConnection(JDBCDataSource.java:255)
	at org.jkiss.dbeaver.model.impl.jdbc.JDBCDataSource.openConnection(JDBCDataSource.java:130)
	at org.jkiss.dbeaver.ext.oracle.model.OracleDataSource.openConnection(OracleDataSource.java:192)
	at org.jkiss.dbeaver.model.impl.jdbc.JDBCExecutionContext.connect(JDBCExecutionContext.java:119)
	at org.jkiss.dbeaver.model.impl.jdbc.JDBCRemoteInstance.initializeMainContext(JDBCRemoteInstance.java:102)
	at org.jkiss.dbeaver.model.impl.jdbc.JDBCRemoteInstance.<init>(JDBCRemoteInstance.java:61)
	at org.jkiss.dbeaver.model.impl.jdbc.JDBCDataSource.initializeRemoteInstance(JDBCDataSource.java:122)
	at org.jkiss.dbeaver.model.impl.jdbc.JDBCDataSource.<init>(JDBCDataSource.java:106)
	at org.jkiss.dbeaver.model.impl.jdbc.JDBCDataSource.<init>(JDBCDataSource.java:97)
	at org.jkiss.dbeaver.ext.oracle.model.OracleDataSource.<init>(OracleDataSource.java:110)
	at org.jkiss.dbeaver.ext.oracle.OracleDataSourceProvider.openDataSource(OracleDataSourceProvider.java:143)
	at org.jkiss.dbeaver.registry.DataSourceDescriptor.openDataSource(DataSourceDescriptor.java:1395)
	at org.jkiss.dbeaver.registry.DataSourceDescriptor.connect0(DataSourceDescriptor.java:1266)
	at org.jkiss.dbeaver.registry.DataSourceDescriptor.connect(DataSourceDescriptor.java:1056)
	at org.jkiss.dbeaver.runtime.jobs.ConnectJob.run(ConnectJob.java:78)
	at org.jkiss.dbeaver.model.runtime.AbstractJob.run(AbstractJob.java:117)
	at org.eclipse.core.internal.jobs.Worker.run(Worker.java:63)
Caused by: java.sql.SQLException: ORA-12541: 데이터베이스에 접속할 수 없습니다. %s에 리스너가 없습니다. (CONNECTION_ID=s3PNEBfRQRiu6nZ1bi4XtQ==)
	at oracle.jdbc.driver.T4CConnection.handleLogonNetException(T4CConnection.java:1099)
	at oracle.jdbc.driver.T4CConnection.logon(T4CConnection.java:879)
	at oracle.jdbc.driver.PhysicalConnection.connect(PhysicalConnection.java:1132)
	at oracle.jdbc.driver.T4CDriverExtension.getConnection(T4CDriverExtension.java:104)
	at oracle.jdbc.driver.OracleDriver.connect(OracleDriver.java:837)
	at oracle.jdbc.driver.OracleDriver.connect(OracleDriver.java:664)
	at org.jkiss.dbeaver.model.impl.jdbc.JDBCConnectionOpener.run(JDBCConnectionOpener.java:109)
	at org.jkiss.dbeaver.model.impl.jdbc.JDBCConnectionOpener.run(JDBCConnectionOpener.java:83)
	at org.jkiss.dbeaver.model.impl.jdbc.JDBCDataSource.openConnection(JDBCDataSource.java:211)
	... 16 more
Caused by: oracle.net.ns.NetException: ORA-12541: 데이터베이스에 접속할 수 없습니다. %s에 리스너가 없습니다. (CONNECTION_ID=s3PNEBfRQRiu6nZ1bi4XtQ==)
	at oracle.net.nt.TcpNTAdapter.establishSocket(TcpNTAdapter.java:312)
	at oracle.net.nt.TcpNTAdapter.connect(TcpNTAdapter.java:223)
	at oracle.net.nt.ConnOption.connect(ConnOption.java:259)
	at oracle.net.nt.ConnStrategy.executeConnOption(ConnStrategy.java:1076)
	at oracle.net.nt.ConnStrategy.execute(ConnStrategy.java:681)
	at oracle.net.resolver.AddrResolution.resolveAndExecute(AddrResolution.java:688)
	at oracle.net.ns.NSProtocol.establishConnection(NSProtocol.java:935)
	at oracle.net.ns.NSProtocol.connect(NSProtocol.java:323)
	at oracle.jdbc.driver.T4CConnection.connectSession(T4CConnection.java:2882)
	at oracle.jdbc.driver.T4CConnection.logon(T4CConnection.java:811)
	... 23 more
> Start DBeaver Tasks View [org.jkiss.dbeaver.tasks.ui.view 1.0.91.202411031831]
> Start Data Transfer UI [org.jkiss.dbeaver.data.transfer.ui 1.0.126.202411031831]
2024-11-25 00:12:19.776 - Service 'org.jkiss.dbeaver.runtime.ui.UIServiceSecurity' not found
2024-11-25 00:12:19.822 - Unrecognized Oracle client version at C:\app\1234\product\18.0.0\dbhomeXE
2024-11-25 00:12:21.024 - Connect with 'jdbc:oracle:thin:@//localhost:1521/XE' (oracle_thin-1935ebb1bff-1f705138b67c7007)
2024-11-25 00:12:21.025 - Execution context opened (jdbc:oracle:thin:@//localhost:1521/XE; Main; 3)
2024-11-25 00:12:21.185 - ORA-12541: 데이터베이스에 접속할 수 없습니다. %s에 리스너가 없습니다. (CONNECTION_ID=ZOYGIn1KRG25pbiI3gTljQ==)
oracle.net.ns.NetException: ORA-12541: 데이터베이스에 접속할 수 없습니다. %s에 리스너가 없습니다. (CONNECTION_ID=ZOYGIn1KRG25pbiI3gTljQ==)
	at oracle.net.nt.TcpNTAdapter.establishSocket(TcpNTAdapter.java:312)
	at oracle.net.nt.TcpNTAdapter.connect(TcpNTAdapter.java:223)
	at oracle.net.nt.ConnOption.connect(ConnOption.java:259)
	at oracle.net.nt.ConnStrategy.executeConnOption(ConnStrategy.java:1076)
	at oracle.net.nt.ConnStrategy.execute(ConnStrategy.java:681)
	at oracle.net.resolver.AddrResolution.resolveAndExecute(AddrResolution.java:688)
	at oracle.net.ns.NSProtocol.establishConnection(NSProtocol.java:935)
	at oracle.net.ns.NSProtocol.connect(NSProtocol.java:323)
	at oracle.jdbc.driver.T4CConnection.connectSession(T4CConnection.java:2882)
	at oracle.jdbc.driver.T4CConnection.logon(T4CConnection.java:811)
	at oracle.jdbc.driver.PhysicalConnection.connect(PhysicalConnection.java:1132)
	at oracle.jdbc.driver.T4CDriverExtension.getConnection(T4CDriverExtension.java:104)
	at oracle.jdbc.driver.OracleDriver.connect(OracleDriver.java:837)
	at oracle.jdbc.driver.OracleDriver.connect(OracleDriver.java:664)
	at org.jkiss.dbeaver.model.impl.jdbc.JDBCConnectionOpener.run(JDBCConnectionOpener.java:109)
	at org.jkiss.dbeaver.model.impl.jdbc.JDBCConnectionOpener.run(JDBCConnectionOpener.java:83)
	at org.jkiss.dbeaver.model.impl.jdbc.JDBCDataSource.openConnection(JDBCDataSource.java:211)
	at org.jkiss.dbeaver.model.impl.jdbc.JDBCDataSource.openConnection(JDBCDataSource.java:130)
	at org.jkiss.dbeaver.ext.oracle.model.OracleDataSource.openConnection(OracleDataSource.java:192)
	at org.jkiss.dbeaver.model.impl.jdbc.JDBCExecutionContext.connect(JDBCExecutionContext.java:119)
	at org.jkiss.dbeaver.model.impl.jdbc.JDBCRemoteInstance.initializeMainContext(JDBCRemoteInstance.java:102)
	at org.jkiss.dbeaver.model.impl.jdbc.JDBCRemoteInstance.<init>(JDBCRemoteInstance.java:61)
	at org.jkiss.dbeaver.model.impl.jdbc.JDBCDataSource.initializeRemoteInstance(JDBCDataSource.java:122)
	at org.jkiss.dbeaver.model.impl.jdbc.JDBCDataSource.<init>(JDBCDataSource.java:106)
	at org.jkiss.dbeaver.model.impl.jdbc.JDBCDataSource.<init>(JDBCDataSource.java:97)
	at org.jkiss.dbeaver.ext.oracle.model.OracleDataSource.<init>(OracleDataSource.java:110)
	at org.jkiss.dbeaver.ext.oracle.OracleDataSourceProvider.openDataSource(OracleDataSourceProvider.java:143)
	at org.jkiss.dbeaver.registry.DataSourceDescriptor.openDataSource(DataSourceDescriptor.java:1395)
	at org.jkiss.dbeaver.registry.DataSourceDescriptor.connect0(DataSourceDescriptor.java:1266)
	at org.jkiss.dbeaver.registry.DataSourceDescriptor.connect(DataSourceDescriptor.java:1056)
	at org.jkiss.dbeaver.runtime.jobs.ConnectJob.run(ConnectJob.java:78)
	at org.jkiss.dbeaver.runtime.jobs.ConnectionTestJob.run(ConnectionTestJob.java:103)
	at org.jkiss.dbeaver.model.runtime.AbstractJob.run(AbstractJob.java:117)
	at org.eclipse.core.internal.jobs.Worker.run(Worker.java:63)
> Start DBeaver Data Transfer [org.jkiss.dbeaver.data.transfer 2.0.126.202411031831]
2024-11-25 00:14:27.412 - Auth model 'native' was replaced by 'oracle_native'
2024-11-25 00:14:27.425 - Service 'org.jkiss.dbeaver.runtime.ui.UIServiceSecurity' not found
2024-11-25 00:14:37.278 - Service 'org.jkiss.dbeaver.runtime.ui.UIServiceSecurity' not found
2024-11-25 00:14:49.386 - Connect with 'jdbc:oracle:thin:@//localhost:1521/XE' (oracle_thin-1935ebd5f8f-6a970a386e10ba09)
2024-11-25 00:14:49.386 - Execution context opened (jdbc:oracle:thin:@//localhost:1521/XE; Main; 4)
2024-11-25 00:14:49.554 - ORA-12541: 데이터베이스에 접속할 수 없습니다. %s에 리스너가 없습니다. (CONNECTION_ID=aJpS/zMkTQ2jN1lE/ByTcw==)
oracle.net.ns.NetException: ORA-12541: 데이터베이스에 접속할 수 없습니다. %s에 리스너가 없습니다. (CONNECTION_ID=aJpS/zMkTQ2jN1lE/ByTcw==)
	at oracle.net.nt.TcpNTAdapter.establishSocket(TcpNTAdapter.java:312)
	at oracle.net.nt.TcpNTAdapter.connect(TcpNTAdapter.java:223)
	at oracle.net.nt.ConnOption.connect(ConnOption.java:259)
	at oracle.net.nt.ConnStrategy.executeConnOption(ConnStrategy.java:1076)
	at oracle.net.nt.ConnStrategy.execute(ConnStrategy.java:681)
	at oracle.net.resolver.AddrResolution.resolveAndExecute(AddrResolution.java:688)
	at oracle.net.ns.NSProtocol.establishConnection(NSProtocol.java:935)
	at oracle.net.ns.NSProtocol.connect(NSProtocol.java:323)
	at oracle.jdbc.driver.T4CConnection.connectSession(T4CConnection.java:2882)
	at oracle.jdbc.driver.T4CConnection.logon(T4CConnection.java:811)
	at oracle.jdbc.driver.PhysicalConnection.connect(PhysicalConnection.java:1132)
	at oracle.jdbc.driver.T4CDriverExtension.getConnection(T4CDriverExtension.java:104)
	at oracle.jdbc.driver.OracleDriver.connect(OracleDriver.java:837)
	at oracle.jdbc.driver.OracleDriver.connect(OracleDriver.java:664)
	at org.jkiss.dbeaver.model.impl.jdbc.JDBCConnectionOpener.run(JDBCConnectionOpener.java:109)
	at org.jkiss.dbeaver.model.impl.jdbc.JDBCConnectionOpener.run(JDBCConnectionOpener.java:83)
	at org.jkiss.dbeaver.model.impl.jdbc.JDBCDataSource.openConnection(JDBCDataSource.java:211)
	at org.jkiss.dbeaver.model.impl.jdbc.JDBCDataSource.openConnection(JDBCDataSource.java:130)
	at org.jkiss.dbeaver.ext.oracle.model.OracleDataSource.openConnection(OracleDataSource.java:192)
	at org.jkiss.dbeaver.model.impl.jdbc.JDBCExecutionContext.connect(JDBCExecutionContext.java:119)
	at org.jkiss.dbeaver.model.impl.jdbc.JDBCRemoteInstance.initializeMainContext(JDBCRemoteInstance.java:102)
	at org.jkiss.dbeaver.model.impl.jdbc.JDBCRemoteInstance.<init>(JDBCRemoteInstance.java:61)
	at org.jkiss.dbeaver.model.impl.jdbc.JDBCDataSource.initializeRemoteInstance(JDBCDataSource.java:122)
	at org.jkiss.dbeaver.model.impl.jdbc.JDBCDataSource.<init>(JDBCDataSource.java:106)
	at org.jkiss.dbeaver.model.impl.jdbc.JDBCDataSource.<init>(JDBCDataSource.java:97)
	at org.jkiss.dbeaver.ext.oracle.model.OracleDataSource.<init>(OracleDataSource.java:110)
	at org.jkiss.dbeaver.ext.oracle.OracleDataSourceProvider.openDataSource(OracleDataSourceProvider.java:143)
	at org.jkiss.dbeaver.registry.DataSourceDescriptor.openDataSource(DataSourceDescriptor.java:1395)
	at org.jkiss.dbeaver.registry.DataSourceDescriptor.connect0(DataSourceDescriptor.java:1266)
	at org.jkiss.dbeaver.registry.DataSourceDescriptor.connect(DataSourceDescriptor.java:1056)
	at org.jkiss.dbeaver.runtime.jobs.ConnectJob.run(ConnectJob.java:78)
	at org.jkiss.dbeaver.runtime.jobs.ConnectionTestJob.run(ConnectionTestJob.java:103)
	at org.jkiss.dbeaver.model.runtime.AbstractJob.run(AbstractJob.java:117)
	at org.eclipse.core.internal.jobs.Worker.run(Worker.java:63)
2024-11-25 00:16:10.289 - Dispose navigator model
2024-11-25 00:16:10.316 - DBeaver is stopping
2024-11-25 00:16:10.316 - Stop instance server
2024-11-25 00:16:11.329 - DBeaver shutdown completed
