2024-11-25 00:16:13.591 - DBeaver 24.2.4.202411031831 is starting
2024-11-25 00:16:13.592 - OS: Windows 10 10.0 (amd64)
2024-11-25 00:16:13.592 - Java version: 17.0.6 by Eclipse Adoptium (64bit)
2024-11-25 00:16:13.592 - Install path: 'C:\Program Files\DBeaver'
2024-11-25 00:16:13.592 - Instance path: 'file:/D:/workspace/KHacademy/workspace/2_DB/General/'
2024-11-25 00:16:13.594 - Memory available 64Mb/1024Mb
2024-11-25 00:16:13.599 - Create display
2024-11-25 00:16:13.709 - Starting instance server at http://localhost:51879
2024-11-25 00:16:13.716 - Run workbench
> Start Eclipse e4 Workbench SWT [org.eclipse.e4.ui.workbench.swt 0.17.500.v20240807-0911]
> Start Eclipse Application Services [org.eclipse.e4.core.services 2.4.400.v20240413-1529]
> Start Eclipse UI Application Services [org.eclipse.e4.ui.services 1.6.300.v20231201-1637]
> Start Eclipse e4 Progress View [org.eclipse.e4.ui.progress 0.4.600.v20240606-1020]
> Start Eclipse Bindings Support [org.eclipse.e4.ui.bindings 0.14.400.v20240321-1245]
> Start Eclipse e4 core commands [org.eclipse.e4.core.commands 1.1.400.v20240424-0444]
> Start EMF XML/XMI Persistence [org.eclipse.emf.ecore.xmi 2.38.0.v20240721-0634]
> Start Eclipse CSS SWT Theme Support [org.eclipse.e4.ui.css.swt.theme 0.14.400.v20240424-0956]
> Start Eclipse e4 Workbench Add-ons [org.eclipse.e4.ui.workbench.addons.swt 1.5.500.v20240620-1945]
> Start Eclipse e4 Workbench SWT Renderer [org.eclipse.e4.ui.workbench.renderers.swt 0.16.500.v20240727-1037]
> Start Eclipse Dependency Injection Extensions [org.eclipse.e4.core.di.extensions 0.18.300.v20240413-1529]
> Start Eclipse CSS SWT Support [org.eclipse.e4.ui.css.swt 0.15.400.v20240321-1245]
> Start Default Text Editor [org.eclipse.ui.editors 3.18.0.v20240807-0735]
> Start Text Editor Framework [org.eclipse.ui.workbench.texteditor 3.18.0.v20240819-1419]
2024-11-25 00:16:14.784 - Configure workbench window
> Start DBeaver SQL Model [org.jkiss.dbeaver.model.sql 1.0.132.202411031831]
2024-11-25 00:16:14.891 - Total database drivers: 120 (120)
> Start Help System Core [org.eclipse.help 3.10.400.v20240415-0528]
2024-11-25 00:16:14.948 - Create actions
2024-11-25 00:16:14.952 - Disable Eclipse action set 'org.eclipse.ui.edit.text.actionSet.annotationNavigation'
2024-11-25 00:16:14.953 - Disable Eclipse action set 'org.eclipse.ui.WorkingSetActionSet'
2024-11-25 00:16:14.953 - Disable Eclipse action set 'org.eclipse.ui.actionSet.openFiles'
2024-11-25 00:16:14.953 - Create workbench actions
2024-11-25 00:16:15.246 - Initialize workbench window
2024-11-25 00:16:15.250 - Finish initialization
> Start DBeaver UI Editors - Data [org.jkiss.dbeaver.ui.editors.data 1.0.142.202411031831]
Warning: NLS unused message: actions_navigator__objects in: org.jkiss.dbeaver.ui.editors.sql.internal.SQLEditorMessages
> Start DBeaver UI Editors - SQL [org.jkiss.dbeaver.ui.editors.sql 1.0.142.202411031831]
> Start DBeaver SQL Terminal [org.jkiss.dbeaver.ui.editors.sql.terminal 1.0.118.202411031831]
> Start Core Compare Support [org.eclipse.compare.core 3.8.500.v20240524-2010]
> Start Internet Connection Management UI [org.eclipse.ui.net 1.5.400.v20240413-1529]
> Start Internet Connection Management [org.eclipse.core.net 1.5.500.v20240625-1706]
> Start DBeaver Sample Database [org.jkiss.dbeaver.ext.sample.database 1.0.179.202411031831]
> Start DBeaver Tip of the day [org.jkiss.dbeaver.ext.ui.tipoftheday 1.0.148.202411031831]
> Start GEF Classic Draw2d [org.eclipse.draw2d 3.17.0.202409021815]
> Start GEF Classic GEF (MVC) [org.eclipse.gef 3.19.0.202409021815]
> Start DBeaver ERD UI [org.jkiss.dbeaver.erd.ui 3.0.102.202411031831]
> Start DBeaver ERD Model [org.jkiss.dbeaver.erd.model 1.0.102.202411031831]
> Start DBeaver Dashboard UI [org.jkiss.dbeaver.ui.dashboard 1.0.139.202411031831]
> Start DBeaver UI Editors - Connections [org.jkiss.dbeaver.ui.editors.connection 1.0.133.202411031831]
> Start Console [org.eclipse.ui.console 3.14.100.v20240429-1358]
> Start Debug Core [org.eclipse.debug.core 3.21.500.v20240801-2219]
> Start DBeaver Tasks - Native Tools UI [org.jkiss.dbeaver.tasks.native.ui 1.0.120.202411031831]
> Start DBeaver Oracle UI [org.jkiss.dbeaver.ext.oracle.ui 1.0.129.202411031831]
> Start DBeaver Tasks - General UI [org.jkiss.dbeaver.tasks.ui 1.0.120.202411031831]
2024-11-25 00:16:16.992 - Connect with 'sys 관리자 계정' (oracle_thin-1933fdbd4a8-167813de31ba2079)
> Start DBeaver JDBC Model [org.jkiss.dbeaver.model.jdbc 1.0.35.202411031831]
> Start DBeaver Oracle Model [org.jkiss.dbeaver.ext.oracle 2.1.227.202411031831]
2024-11-25 00:16:17.018 - Execution context opened (sys 관리자 계정; Main; 0)
11월 25, 2024 12:16:17 오전 oracle.jdbc.driver.PhysicalConnection connect
정보: I:thread-47 Connect to 'sys 관리자 계정' entering args (oracle.jdbc.internal.AbstractConnectionBuilder$1@27cd14ff)
11월 25, 2024 12:16:17 오전 oracle.net.ns.NSProtocol connect
정보: U:thread-47 Connect to 'sys 관리자 계정' traceId=45836E52. 
11월 25, 2024 12:16:17 오전 oracle.net.ns.NSProtocol establishConnection
정보: U:thread-47 Connect to 'sys 관리자 계정' Session Attributes: 
sdu=8192, tdu=2097152
nt: host=localhost, port=1521, socketOptions={0=YES, 1=NO, 2=0, 38=TLS, 40=false, 12=WINDOWS-ROOT, 17=0, 18=false, 20=true, 23=40, 24=50, 25=0}
    socket=null
client profile={oracle.net.encryption_types_client=(), oracle.net.crypto_seed=, oracle.net.authentication_services=(BEQ), oracle.net.setFIPSMode=false, oracle.net.kerberos5_mutual_authentication=false, oracle.net.encryption_client=ACCEPTED, oracle.net.crypto_checksum_client=ACCEPTED, oracle.net.crypto_checksum_types_client=()}
onBreakReset=false, dataEOF=false, negotiatedOptions=0x0, connected=false
11월 25, 2024 12:16:17 오전 oracle.net.ns.NSProtocol configureSessionAttsAno
정보: U:thread-47 Connect to 'sys 관리자 계정' traceId=45836E52, anoEnabled=true. 
11월 25, 2024 12:16:17 오전 oracle.net.ns.NSProtocolNIO handleConnectPacketResponse
정보: U:thread-47 Connect to 'sys 관리자 계정' Got Refused, SessionTraceId = 45836E52
11월 25, 2024 12:16:17 오전 oracle.net.ns.NSProtocolNIO establishConnectionAfterRefusePacket
정보: U:thread-47 Connect to 'sys 관리자 계정' Outbound interrupt timer cancelled null
11월 25, 2024 12:16:17 오전 oracle.net.ns.NSProtocol establishConnection
정보: U:thread-47 Connect to 'sys 관리자 계정' Session Attributes: 
sdu=8192, tdu=2097152
nt: host=localhost, port=1521, socketOptions={0=YES, 1=NO, 2=0, 38=TLS, 40=false, 12=WINDOWS-ROOT, 17=0, 18=false, 20=true, 23=40, 24=50, 25=0}
    socket=null
client profile={oracle.net.encryption_types_client=(), oracle.net.crypto_seed=, oracle.net.authentication_services=(BEQ), oracle.net.setFIPSMode=false, oracle.net.kerberos5_mutual_authentication=false, oracle.net.encryption_client=ACCEPTED, oracle.net.crypto_checksum_client=ACCEPTED, oracle.net.crypto_checksum_types_client=()}
onBreakReset=false, dataEOF=false, negotiatedOptions=0x0, connected=false
11월 25, 2024 12:16:17 오전 oracle.net.ns.NSProtocolNIO handleConnectPacketResponse
정보: U:thread-47 Connect to 'sys 관리자 계정' Got Refused, SessionTraceId = 45836E52
11월 25, 2024 12:16:17 오전 oracle.net.ns.NSProtocolNIO establishConnectionAfterRefusePacket
정보: U:thread-47 Connect to 'sys 관리자 계정' Outbound interrupt timer cancelled null
11월 25, 2024 12:16:17 오전 oracle.jdbc.driver.PhysicalConnection connect
정보: I:thread-47 Connect to 'sys 관리자 계정' throwing
java.sql.SQLRecoverableException: ORA-12514: 데이터베이스에 접속할 수 없습니다. %s 서비스가 %s의 리스너에 등록되지 않았습니다. (CONNECTION_ID=QuC5s92HTyO1KN841/1Txg==)
	at oracle.jdbc.driver.T4CConnection.handleLogonNetException(T4CConnection.java:1099)
	at oracle.jdbc.driver.T4CConnection.logon(T4CConnection.java:879)
	at oracle.jdbc.driver.PhysicalConnection.connect(PhysicalConnection.java:1132)
	at oracle.jdbc.driver.T4CDriverExtension.getConnection(T4CDriverExtension.java:104)
	at oracle.jdbc.driver.OracleDriver.connect(OracleDriver.java:837)
	at oracle.jdbc.driver.OracleDriver.connect(OracleDriver.java:664)
	at org.jkiss.dbeaver.model.impl.jdbc.JDBCConnectionOpener.run(JDBCConnectionOpener.java:109)
	at org.jkiss.dbeaver.model.impl.jdbc.JDBCConnectionOpener.run(JDBCConnectionOpener.java:83)
	at org.jkiss.dbeaver.model.impl.jdbc.JDBCDataSource.openConnection(JDBCDataSource.java:211)
	at org.jkiss.dbeaver.model.impl.jdbc.JDBCDataSource.openConnection(JDBCDataSource.java:130)
	at org.jkiss.dbeaver.ext.oracle.model.OracleDataSource.openConnection(OracleDataSource.java:192)
	at org.jkiss.dbeaver.model.impl.jdbc.JDBCExecutionContext.connect(JDBCExecutionContext.java:119)
	at org.jkiss.dbeaver.model.impl.jdbc.JDBCRemoteInstance.initializeMainContext(JDBCRemoteInstance.java:102)
	at org.jkiss.dbeaver.model.impl.jdbc.JDBCRemoteInstance.<init>(JDBCRemoteInstance.java:61)
	at org.jkiss.dbeaver.model.impl.jdbc.JDBCDataSource.initializeRemoteInstance(JDBCDataSource.java:122)
	at org.jkiss.dbeaver.model.impl.jdbc.JDBCDataSource.<init>(JDBCDataSource.java:106)
	at org.jkiss.dbeaver.model.impl.jdbc.JDBCDataSource.<init>(JDBCDataSource.java:97)
	at org.jkiss.dbeaver.ext.oracle.model.OracleDataSource.<init>(OracleDataSource.java:110)
	at org.jkiss.dbeaver.ext.oracle.OracleDataSourceProvider.openDataSource(OracleDataSourceProvider.java:143)
	at org.jkiss.dbeaver.registry.DataSourceDescriptor.openDataSource(DataSourceDescriptor.java:1395)
	at org.jkiss.dbeaver.registry.DataSourceDescriptor.connect0(DataSourceDescriptor.java:1266)
	at org.jkiss.dbeaver.registry.DataSourceDescriptor.connect(DataSourceDescriptor.java:1056)
	at org.jkiss.dbeaver.runtime.jobs.ConnectJob.run(ConnectJob.java:78)
	at org.jkiss.dbeaver.model.runtime.AbstractJob.run(AbstractJob.java:117)
	at org.eclipse.core.internal.jobs.Worker.run(Worker.java:63)
Caused by: oracle.net.ns.NetException: ORA-12514: 데이터베이스에 접속할 수 없습니다. %s 서비스가 %s의 리스너에 등록되지 않았습니다. (CONNECTION_ID=QuC5s92HTyO1KN841/1Txg==)
	at oracle.net.ns.NSProtocolNIO.createRefusePacketException(NSProtocolNIO.java:913)
	at oracle.net.ns.NSProtocolNIO.handleConnectPacketResponse(NSProtocolNIO.java:454)
	at oracle.net.ns.NSProtocolNIO.negotiateConnection(NSProtocolNIO.java:262)
	at oracle.net.ns.NSProtocol.connect(NSProtocol.java:327)
	at oracle.jdbc.driver.T4CConnection.connectSession(T4CConnection.java:2882)
	at oracle.jdbc.driver.T4CConnection.logon(T4CConnection.java:811)
	... 23 more

2024-11-25 00:16:17.284 - ORA-12514: 데이터베이스에 접속할 수 없습니다. %s 서비스가 %s의 리스너에 등록되지 않았습니다. (CONNECTION_ID=QuC5s92HTyO1KN841/1Txg==)
org.jkiss.dbeaver.model.exec.DBCConnectException: ORA-12514: 데이터베이스에 접속할 수 없습니다. %s 서비스가 %s의 리스너에 등록되지 않았습니다. (CONNECTION_ID=QuC5s92HTyO1KN841/1Txg==)
	at org.jkiss.dbeaver.model.impl.jdbc.JDBCDataSource.openConnection(JDBCDataSource.java:255)
	at org.jkiss.dbeaver.model.impl.jdbc.JDBCDataSource.openConnection(JDBCDataSource.java:130)
	at org.jkiss.dbeaver.ext.oracle.model.OracleDataSource.openConnection(OracleDataSource.java:192)
	at org.jkiss.dbeaver.model.impl.jdbc.JDBCExecutionContext.connect(JDBCExecutionContext.java:119)
	at org.jkiss.dbeaver.model.impl.jdbc.JDBCRemoteInstance.initializeMainContext(JDBCRemoteInstance.java:102)
	at org.jkiss.dbeaver.model.impl.jdbc.JDBCRemoteInstance.<init>(JDBCRemoteInstance.java:61)
	at org.jkiss.dbeaver.model.impl.jdbc.JDBCDataSource.initializeRemoteInstance(JDBCDataSource.java:122)
	at org.jkiss.dbeaver.model.impl.jdbc.JDBCDataSource.<init>(JDBCDataSource.java:106)
	at org.jkiss.dbeaver.model.impl.jdbc.JDBCDataSource.<init>(JDBCDataSource.java:97)
	at org.jkiss.dbeaver.ext.oracle.model.OracleDataSource.<init>(OracleDataSource.java:110)
	at org.jkiss.dbeaver.ext.oracle.OracleDataSourceProvider.openDataSource(OracleDataSourceProvider.java:143)
	at org.jkiss.dbeaver.registry.DataSourceDescriptor.openDataSource(DataSourceDescriptor.java:1395)
	at org.jkiss.dbeaver.registry.DataSourceDescriptor.connect0(DataSourceDescriptor.java:1266)
	at org.jkiss.dbeaver.registry.DataSourceDescriptor.connect(DataSourceDescriptor.java:1056)
	at org.jkiss.dbeaver.runtime.jobs.ConnectJob.run(ConnectJob.java:78)
	at org.jkiss.dbeaver.model.runtime.AbstractJob.run(AbstractJob.java:117)
	at org.eclipse.core.internal.jobs.Worker.run(Worker.java:63)
Caused by: java.sql.SQLRecoverableException: ORA-12514: 데이터베이스에 접속할 수 없습니다. %s 서비스가 %s의 리스너에 등록되지 않았습니다. (CONNECTION_ID=QuC5s92HTyO1KN841/1Txg==)
	at oracle.jdbc.driver.T4CConnection.handleLogonNetException(T4CConnection.java:1099)
	at oracle.jdbc.driver.T4CConnection.logon(T4CConnection.java:879)
	at oracle.jdbc.driver.PhysicalConnection.connect(PhysicalConnection.java:1132)
	at oracle.jdbc.driver.T4CDriverExtension.getConnection(T4CDriverExtension.java:104)
	at oracle.jdbc.driver.OracleDriver.connect(OracleDriver.java:837)
	at oracle.jdbc.driver.OracleDriver.connect(OracleDriver.java:664)
	at org.jkiss.dbeaver.model.impl.jdbc.JDBCConnectionOpener.run(JDBCConnectionOpener.java:109)
	at org.jkiss.dbeaver.model.impl.jdbc.JDBCConnectionOpener.run(JDBCConnectionOpener.java:83)
	at org.jkiss.dbeaver.model.impl.jdbc.JDBCDataSource.openConnection(JDBCDataSource.java:211)
	... 16 more
Caused by: oracle.net.ns.NetException: ORA-12514: 데이터베이스에 접속할 수 없습니다. %s 서비스가 %s의 리스너에 등록되지 않았습니다. (CONNECTION_ID=QuC5s92HTyO1KN841/1Txg==)
	at oracle.net.ns.NSProtocolNIO.createRefusePacketException(NSProtocolNIO.java:913)
	at oracle.net.ns.NSProtocolNIO.handleConnectPacketResponse(NSProtocolNIO.java:454)
	at oracle.net.ns.NSProtocolNIO.negotiateConnection(NSProtocolNIO.java:262)
	at oracle.net.ns.NSProtocol.connect(NSProtocol.java:327)
	at oracle.jdbc.driver.T4CConnection.connectSession(T4CConnection.java:2882)
	at oracle.jdbc.driver.T4CConnection.logon(T4CConnection.java:811)
	... 23 more
> Start DBeaver SQL Language Semantic Model [org.jkiss.dbeaver.model.lsm 1.0.37.202411031831]
2024-11-25 00:22:41.043 - Connect with 'KH_CYJ 사용자 계정' (oracle_thin-1933fe03f97-1eb1a9eee11a1f01)
2024-11-25 00:22:41.044 - Execution context opened (KH_CYJ 사용자 계정; Main; 1)
2024-11-25 00:22:41.554 - Execution context opened (KH_CYJ 사용자 계정; Metadata; 2)
2024-11-25 00:22:41.680 - Connected (oracle_thin-1933fe03f97-1eb1a9eee11a1f01, Oracle JDBC driver [23.2.0.0.0])
2024-11-25 00:22:42.801 - Connect with 'sys 관리자 계정' (oracle_thin-1933fdbd4a8-167813de31ba2079)
2024-11-25 00:22:42.802 - Execution context opened (sys 관리자 계정; Main; 3)
2024-11-25 00:22:42.851 - Execution context opened (sys 관리자 계정; Metadata; 4)
2024-11-25 00:22:42.903 - Connected (oracle_thin-1933fdbd4a8-167813de31ba2079, Oracle JDBC driver [23.2.0.0.0])
2024-11-25 00:22:42.905 - Execution context opened (sys 관리자 계정; SQLEditor <00_사용자계정생성.sql>; 5)
2024-11-25 00:22:44.194 - Execution context opened (KH_CYJ 사용자 계정; SQLEditor <수업용 SCRIPT.sql>; 6)
2024-11-25 00:22:46.162 - Execution context opened (KH_CYJ 사용자 계정; SQLEditor <01_SELECT.sql>; 7)
2024-11-25 00:26:20.000 - Execution context closed (sys 관리자 계정, 5)
2024-11-25 00:26:20.035 - Execution context closed (KH_CYJ 사용자 계정, 6)
2024-11-25 00:26:20.098 - Execution context closed (KH_CYJ 사용자 계정, 7)
2024-11-25 00:26:20.297 - Dispose navigator model
2024-11-25 00:26:20.322 - DBeaver is stopping
2024-11-25 00:26:20.323 - Stop instance server
2024-11-25 00:26:21.328 - Instance server has been stopped
2024-11-25 00:26:21.328 - DBeaver shutdown completed
