2024-11-24 23:40:04.623 - DBeaver 24.2.4.202411031831 is starting
2024-11-24 23:40:04.624 - OS: Windows 10 10.0 (amd64)
2024-11-24 23:40:04.624 - Java version: 17.0.6 by Eclipse Adoptium (64bit)
2024-11-24 23:40:04.624 - Install path: 'C:\Program Files\DBeaver'
2024-11-24 23:40:04.624 - Instance path: 'file:/D:/workspace/KHacademy/workspace/2_DB/General/'
2024-11-24 23:40:04.625 - Memory available 64Mb/1024Mb
2024-11-24 23:40:04.637 - Create display
2024-11-24 23:40:04.748 - Starting instance server at http://localhost:50790
2024-11-24 23:40:04.761 - Run workbench
> Start Eclipse e4 Workbench SWT [org.eclipse.e4.ui.workbench.swt 0.17.500.v20240807-0911]
> Start Eclipse Application Services [org.eclipse.e4.core.services 2.4.400.v20240413-1529]
> Start Eclipse UI Application Services [org.eclipse.e4.ui.services 1.6.300.v20231201-1637]
> Start Eclipse e4 Progress View [org.eclipse.e4.ui.progress 0.4.600.v20240606-1020]
> Start Eclipse Bindings Support [org.eclipse.e4.ui.bindings 0.14.400.v20240321-1245]
> Start Eclipse e4 core commands [org.eclipse.e4.core.commands 1.1.400.v20240424-0444]
> Start EMF XML/XMI Persistence [org.eclipse.emf.ecore.xmi 2.38.0.v20240721-0634]
> Start Eclipse CSS SWT Theme Support [org.eclipse.e4.ui.css.swt.theme 0.14.400.v20240424-0956]
> Start Eclipse e4 Workbench Add-ons [org.eclipse.e4.ui.workbench.addons.swt 1.5.500.v20240620-1945]
> Start Eclipse e4 Workbench SWT Renderer [org.eclipse.e4.ui.workbench.renderers.swt 0.16.500.v20240727-1037]
> Start Eclipse Dependency Injection Extensions [org.eclipse.e4.core.di.extensions 0.18.300.v20240413-1529]
> Start Eclipse CSS SWT Support [org.eclipse.e4.ui.css.swt 0.15.400.v20240321-1245]
> Start Default Text Editor [org.eclipse.ui.editors 3.18.0.v20240807-0735]
> Start Text Editor Framework [org.eclipse.ui.workbench.texteditor 3.18.0.v20240819-1419]
2024-11-24 23:40:05.845 - Configure workbench window
> Start DBeaver SQL Model [org.jkiss.dbeaver.model.sql 1.0.132.202411031831]
2024-11-24 23:40:05.961 - Total database drivers: 120 (120)
> Start Help System Core [org.eclipse.help 3.10.400.v20240415-0528]
2024-11-24 23:40:06.025 - Create actions
2024-11-24 23:40:06.030 - Disable Eclipse action set 'org.eclipse.ui.edit.text.actionSet.annotationNavigation'
2024-11-24 23:40:06.030 - Disable Eclipse action set 'org.eclipse.ui.WorkingSetActionSet'
2024-11-24 23:40:06.030 - Disable Eclipse action set 'org.eclipse.ui.actionSet.openFiles'
2024-11-24 23:40:06.031 - Create workbench actions
2024-11-24 23:40:06.341 - Initialize workbench window
2024-11-24 23:40:06.346 - Finish initialization
> Start DBeaver UI Editors - Data [org.jkiss.dbeaver.ui.editors.data 1.0.142.202411031831]
Warning: NLS unused message: actions_navigator__objects in: org.jkiss.dbeaver.ui.editors.sql.internal.SQLEditorMessages
> Start DBeaver UI Editors - SQL [org.jkiss.dbeaver.ui.editors.sql 1.0.142.202411031831]
> Start DBeaver SQL Terminal [org.jkiss.dbeaver.ui.editors.sql.terminal 1.0.118.202411031831]
> Start Core Compare Support [org.eclipse.compare.core 3.8.500.v20240524-2010]
> Start Internet Connection Management UI [org.eclipse.ui.net 1.5.400.v20240413-1529]
> Start Internet Connection Management [org.eclipse.core.net 1.5.500.v20240625-1706]
> Start DBeaver Sample Database [org.jkiss.dbeaver.ext.sample.database 1.0.179.202411031831]
> Start DBeaver Tip of the day [org.jkiss.dbeaver.ext.ui.tipoftheday 1.0.148.202411031831]
> Start GEF Classic Draw2d [org.eclipse.draw2d 3.17.0.202409021815]
> Start GEF Classic GEF (MVC) [org.eclipse.gef 3.19.0.202409021815]
> Start DBeaver ERD UI [org.jkiss.dbeaver.erd.ui 3.0.102.202411031831]
> Start DBeaver ERD Model [org.jkiss.dbeaver.erd.model 1.0.102.202411031831]
> Start DBeaver Dashboard UI [org.jkiss.dbeaver.ui.dashboard 1.0.139.202411031831]
> Start DBeaver JDBC Model [org.jkiss.dbeaver.model.jdbc 1.0.35.202411031831]
> Start DBeaver Oracle Model [org.jkiss.dbeaver.ext.oracle 2.1.227.202411031831]
> Start DBeaver UI Editors - Connections [org.jkiss.dbeaver.ui.editors.connection 1.0.133.202411031831]
> Start Console [org.eclipse.ui.console 3.14.100.v20240429-1358]
> Start Debug Core [org.eclipse.debug.core 3.21.500.v20240801-2219]
> Start DBeaver Tasks - Native Tools UI [org.jkiss.dbeaver.tasks.native.ui 1.0.120.202411031831]
> Start DBeaver Oracle UI [org.jkiss.dbeaver.ext.oracle.ui 1.0.129.202411031831]
> Start DBeaver Tasks - General UI [org.jkiss.dbeaver.tasks.ui 1.0.120.202411031831]
2024-11-24 23:40:08.848 - Connect with 'KH_CYJ 사용자 계정' (oracle_thin-1933fe03f97-1eb1a9eee11a1f01)
2024-11-24 23:40:08.871 - Execution context opened (KH_CYJ 사용자 계정; Main; 0)
2024-11-24 23:40:09.167 - ORA-12541: 데이터베이스에 접속할 수 없습니다. %s에 리스너가 없습니다. (CONNECTION_ID=W9WJ1O3WTkmGUpxB0bxo1A==)
org.jkiss.dbeaver.model.exec.DBCConnectException: ORA-12541: 데이터베이스에 접속할 수 없습니다. %s에 리스너가 없습니다. (CONNECTION_ID=W9WJ1O3WTkmGUpxB0bxo1A==)
	at org.jkiss.dbeaver.model.impl.jdbc.JDBCDataSource.openConnection(JDBCDataSource.java:255)
	at org.jkiss.dbeaver.model.impl.jdbc.JDBCDataSource.openConnection(JDBCDataSource.java:130)
	at org.jkiss.dbeaver.ext.oracle.model.OracleDataSource.openConnection(OracleDataSource.java:192)
	at org.jkiss.dbeaver.model.impl.jdbc.JDBCExecutionContext.connect(JDBCExecutionContext.java:119)
	at org.jkiss.dbeaver.model.impl.jdbc.JDBCRemoteInstance.initializeMainContext(JDBCRemoteInstance.java:102)
	at org.jkiss.dbeaver.model.impl.jdbc.JDBCRemoteInstance.<init>(JDBCRemoteInstance.java:61)
	at org.jkiss.dbeaver.model.impl.jdbc.JDBCDataSource.initializeRemoteInstance(JDBCDataSource.java:122)
	at org.jkiss.dbeaver.model.impl.jdbc.JDBCDataSource.<init>(JDBCDataSource.java:106)
	at org.jkiss.dbeaver.model.impl.jdbc.JDBCDataSource.<init>(JDBCDataSource.java:97)
	at org.jkiss.dbeaver.ext.oracle.model.OracleDataSource.<init>(OracleDataSource.java:110)
	at org.jkiss.dbeaver.ext.oracle.OracleDataSourceProvider.openDataSource(OracleDataSourceProvider.java:143)
	at org.jkiss.dbeaver.registry.DataSourceDescriptor.openDataSource(DataSourceDescriptor.java:1395)
	at org.jkiss.dbeaver.registry.DataSourceDescriptor.connect0(DataSourceDescriptor.java:1266)
	at org.jkiss.dbeaver.registry.DataSourceDescriptor.connect(DataSourceDescriptor.java:1056)
	at org.jkiss.dbeaver.runtime.jobs.ConnectJob.run(ConnectJob.java:78)
	at org.jkiss.dbeaver.model.runtime.AbstractJob.run(AbstractJob.java:117)
	at org.eclipse.core.internal.jobs.Worker.run(Worker.java:63)
Caused by: java.sql.SQLException: ORA-12541: 데이터베이스에 접속할 수 없습니다. %s에 리스너가 없습니다. (CONNECTION_ID=W9WJ1O3WTkmGUpxB0bxo1A==)
	at oracle.jdbc.driver.T4CConnection.handleLogonNetException(T4CConnection.java:1099)
	at oracle.jdbc.driver.T4CConnection.logon(T4CConnection.java:879)
	at oracle.jdbc.driver.PhysicalConnection.connect(PhysicalConnection.java:1132)
	at oracle.jdbc.driver.T4CDriverExtension.getConnection(T4CDriverExtension.java:104)
	at oracle.jdbc.driver.OracleDriver.connect(OracleDriver.java:837)
	at oracle.jdbc.driver.OracleDriver.connect(OracleDriver.java:664)
	at org.jkiss.dbeaver.model.impl.jdbc.JDBCConnectionOpener.run(JDBCConnectionOpener.java:109)
	at org.jkiss.dbeaver.model.impl.jdbc.JDBCConnectionOpener.run(JDBCConnectionOpener.java:83)
	at org.jkiss.dbeaver.model.impl.jdbc.JDBCDataSource.openConnection(JDBCDataSource.java:211)
	... 16 more
Caused by: oracle.net.ns.NetException: ORA-12541: 데이터베이스에 접속할 수 없습니다. %s에 리스너가 없습니다. (CONNECTION_ID=W9WJ1O3WTkmGUpxB0bxo1A==)
	at oracle.net.nt.TcpNTAdapter.establishSocket(TcpNTAdapter.java:312)
	at oracle.net.nt.TcpNTAdapter.connect(TcpNTAdapter.java:223)
	at oracle.net.nt.ConnOption.connect(ConnOption.java:259)
	at oracle.net.nt.ConnStrategy.executeConnOption(ConnStrategy.java:1076)
	at oracle.net.nt.ConnStrategy.execute(ConnStrategy.java:681)
	at oracle.net.resolver.AddrResolution.resolveAndExecute(AddrResolution.java:688)
	at oracle.net.ns.NSProtocol.establishConnection(NSProtocol.java:935)
	at oracle.net.ns.NSProtocol.connect(NSProtocol.java:323)
	at oracle.jdbc.driver.T4CConnection.connectSession(T4CConnection.java:2882)
	at oracle.jdbc.driver.T4CConnection.logon(T4CConnection.java:811)
	... 23 more
> Start DBeaver SQL Language Semantic Model [org.jkiss.dbeaver.model.lsm 1.0.37.202411031831]
2024-11-24 23:40:10.463 - Open [https://dbeaver.io/product/version.xml]
2024-11-25 00:09:42.249 - Dispose navigator model
2024-11-25 00:09:42.289 - DBeaver is stopping
2024-11-25 00:09:42.290 - Stop instance server
2024-11-25 00:09:43.295 - Instance server has been stopped
2024-11-25 00:09:43.296 - DBeaver shutdown completed
